This file contains any messages produced by compilers while
running configure, to aid debugging if configure makes a mistake.

It was created by openturns-integralcompoundpoisson configure 0.0.0, which was
generated by GNU Autoconf 2.65.  Invocation command line was

  $ ../configure --prefix=/home/regis/Formation_Cours/OpenTURNSDevel/TPs/Denis/integralcompoundpoisson/build/install --with-swig --with-openturns=/home/regis/Incertitudes/OpenTURNS/lebrun/build/install/ CFLAGS=-mtune=native -march=native CXXFLAGS=-mtune=native -march=native FFLAGS=-mtune=native -march=native

## --------- ##
## Platform. ##
## --------- ##

hostname = localhost.localdomain
uname -m = i686
uname -r = 2.6.36.2-server-2mnb
uname -s = Linux
uname -v = #1 SMP Wed Dec 22 20:21:23 UTC 2010

/usr/bin/uname -p = unknown
/bin/uname -X     = unknown

/bin/arch              = i686
/usr/bin/arch -k       = unknown
/usr/convex/getsysinfo = unknown
/usr/bin/hostinfo      = unknown
/bin/machine           = unknown
/usr/bin/oslevel       = unknown
/bin/universe          = unknown

PATH: /usr/share/colorgcc
PATH: /bin
PATH: /usr/local/bin
PATH: /usr/X11R6/bin/
PATH: /usr/games
PATH: /usr/lib/qt4/bin
PATH: /usr/bin
PATH: /opt/kde3/bin
PATH: /home/regis/mingw32/bin
PATH: /home/regis/.bin
PATH: /home/regis/.wine/drive_c/R/R-2.9.1/bin
PATH: /home/regis/bin


## ----------- ##
## Core tests. ##
## ----------- ##

configure:2713: checking for a BSD-compatible install
configure:2781: result: /usr/bin/install -c
configure:2792: checking whether build environment is sane
configure:2842: result: yes
configure:2983: checking for a thread-safe mkdir -p
configure:3022: result: /bin/mkdir -p
configure:3035: checking for gawk
configure:3051: found /bin/gawk
configure:3062: result: gawk
configure:3073: checking whether make sets $(MAKE)
configure:3095: result: yes
configure:3170: checking how to create a ustar tar archive
configure:3183: tar --version
tar (GNU tar) 1.23
Copyright (C) 2010 Free Software Foundation, Inc.
License GPLv3+: GNU GPL version 3 or later <http://gnu.org/licenses/gpl.html>.
This is free software: you are free to change and redistribute it.
There is NO WARRANTY, to the extent permitted by law.

Written by John Gilmore and Jay Fenlason.
configure:3186: $? = 0
configure:3226: tardir=conftest.dir && eval tar --format=ustar -chf - "$tardir" >conftest.tar
configure:3229: $? = 0
configure:3233: tar -xf - <conftest.tar
configure:3236: $? = 0
configure:3249: result: gnutar
configure:3321: Debug level is enableval
configure:3359: checking build system type
configure:3373: result: i686-pc-linux-gnu
configure:3393: checking host system type
configure:3406: result: i686-pc-linux-gnu
configure:3438: checking for style of include used by make
configure:3466: result: GNU
configure:3536: checking for gcc
configure:3552: found /usr/share/colorgcc/gcc
configure:3563: result: gcc
configure:3792: checking for C compiler version
configure:3801: gcc --version >&5
gcc (GCC) 4.4.3
Copyright (C) 2010 Free Software Foundation, Inc.
This is free software; see the source for copying conditions.  There is NO
warranty; not even for MERCHANTABILITY or FITNESS FOR A PARTICULAR PURPOSE.

configure:3812: $? = 0
configure:3801: gcc -v >&5
Using built-in specs.
Target: i586-manbo-linux-gnu
Configured with: ../configure --prefix=/usr --libexecdir=/usr/lib --with-slibdir=/lib --with-bugurl=https://qa.mandriva.com/ --mandir=/usr/share/man --infodir=/usr/share/info --enable-checking=release --enable-languages=c,c++,ada,fortran,objc,obj-c++,java --build=i586-manbo-linux-gnu --host=i586-manbo-linux-gnu --with-cpu=generic --with-system-zlib --enable-threads=posix --enable-shared --enable-objc-gc --enable-long-long --enable-__cxa_atexit --disable-libunwind-exceptions --enable-clocale=gnu --enable-java-awt=gtk --with-java-home=/usr/lib/jvm/java-1.5.0-gcj-1.5.0.0/jre --with-ecj-jar=/usr/share/java/eclipse-ecj.jar --enable-gtk-cairo --disable-libjava-multilib --enable-ssp --disable-libssp --disable-werror --with-ppl --with-cloog --with-python-dir=/lib/python2.6/site-packages
Thread model: posix
gcc version 4.4.3 (GCC) 
configure:3812: $? = 0
configure:3801: gcc -V >&5
gcc: '-V' option must have argument
configure:3812: $? = 1
configure:3801: gcc -qversion >&5
gcc: unrecognized option '-qversion'
gcc: no input files
configure:3812: $? = 1
configure:3832: checking whether the C compiler works
configure:3854: gcc -mtune=native -march=native   conftest.c  >&5
configure:3858: $? = 0
configure:3907: result: yes
configure:3910: checking for C compiler default output file name
configure:3912: result: a.out
configure:3918: checking for suffix of executables
configure:3925: gcc -o conftest -mtune=native -march=native   conftest.c  >&5
configure:3929: $? = 0
configure:3951: result: 
configure:3973: checking whether we are cross compiling
configure:3981: gcc -o conftest -mtune=native -march=native   conftest.c  >&5
configure:3985: $? = 0
configure:3992: ./conftest
configure:3996: $? = 0
configure:4011: result: no
configure:4016: checking for suffix of object files
configure:4038: gcc -c -mtune=native -march=native  conftest.c >&5
configure:4042: $? = 0
configure:4063: result: o
configure:4067: checking whether we are using the GNU C compiler
configure:4086: gcc -c -mtune=native -march=native  conftest.c >&5
configure:4086: $? = 0
configure:4095: result: yes
configure:4104: checking whether gcc accepts -g
configure:4124: gcc -c -g  conftest.c >&5
configure:4124: $? = 0
configure:4165: result: yes
configure:4182: checking for gcc option to accept ISO C89
configure:4246: gcc  -c -mtune=native -march=native  conftest.c >&5
configure:4246: $? = 0
configure:4259: result: none needed
configure:4281: checking dependency style of gcc
configure:4391: result: gcc3
configure:4406: checking for a sed that does not truncate output
configure:4470: result: /bin/sed
configure:4488: checking for grep that handles long lines and -e
configure:4546: result: /bin/grep
configure:4551: checking for egrep
configure:4613: result: /bin/grep -E
configure:4618: checking for fgrep
configure:4680: result: /bin/grep -F
configure:4715: checking for ld used by gcc
configure:4782: result: /usr/local/bin/ld
configure:4789: checking if the linker (/usr/local/bin/ld) is GNU ld
configure:4804: result: yes
configure:4816: checking for BSD- or MS-compatible name lister (nm)
configure:4865: result: /usr/local/bin/nm -B
configure:4983: checking the name lister (/usr/local/bin/nm -B) interface
configure:4990: gcc -c -mtune=native -march=native  conftest.c >&5
configure:4993: /usr/local/bin/nm -B "conftest.o"
configure:4996: output
00000000 B some_variable
configure:5003: result: BSD nm
configure:5006: checking whether ln -s works
configure:5010: result: yes
configure:5018: checking the maximum length of command line arguments
configure:5138: result: 1572864
configure:5155: checking whether the shell understands some XSI constructs
configure:5165: result: yes
configure:5169: checking whether the shell understands "+="
configure:5175: result: yes
configure:5210: checking for /usr/local/bin/ld option to reload object files
configure:5217: result: -r
configure:5286: checking for objdump
configure:5302: found /usr/local/bin/objdump
configure:5313: result: objdump
configure:5345: checking how to recognize dependent libraries
configure:5541: result: pass_all
configure:5601: checking for ar
configure:5617: found /usr/local/bin/ar
configure:5628: result: ar
configure:5706: checking for strip
configure:5722: found /usr/local/bin/strip
configure:5733: result: strip
configure:5805: checking for ranlib
configure:5821: found /usr/local/bin/ranlib
configure:5832: result: ranlib
configure:5922: checking command to parse /usr/local/bin/nm -B output from gcc object
configure:6040: gcc -c -mtune=native -march=native  conftest.c >&5
configure:6043: $? = 0
configure:6047: /usr/local/bin/nm -B conftest.o \| sed -n -e 's/^.*[	 ]\([ABCDGIRSTW][ABCDGIRSTW]*\)[	 ][	 ]*\([_A-Za-z][_A-Za-z0-9]*\)$/\1 \2 \2/p' \> conftest.nm
configure:6050: $? = 0
configure:6104: gcc -o conftest -mtune=native -march=native   conftest.c conftstm.o >&5
configure:6107: $? = 0
configure:6145: result: ok
configure:6954: checking how to run the C preprocessor
configure:6985: gcc -E  conftest.c
configure:6985: $? = 0
configure:6999: gcc -E  conftest.c
conftest.c:12:28: error: ac_nonexistent.h: No such file or directory
configure:6999: $? = 1
configure: failed program was:
| /* confdefs.h */
| #define PACKAGE_NAME "openturns-integralcompoundpoisson"
| #define PACKAGE_TARNAME "integralcompoundpoisson"
| #define PACKAGE_VERSION "0.0.0"
| #define PACKAGE_STRING "openturns-integralcompoundpoisson 0.0.0"
| #define PACKAGE_BUGREPORT "bugs@openturns.org"
| #define PACKAGE_URL ""
| #define PACKAGE "integralcompoundpoisson"
| #define VERSION "0.0.0"
| #define INSTALL_PATH "/home/regis/Formation_Cours/OpenTURNSDevel/TPs/Denis/integralcompoundpoisson/build/install"
| /* end confdefs.h.  */
| #include <ac_nonexistent.h>
configure:7024: result: gcc -E
configure:7044: gcc -E  conftest.c
configure:7044: $? = 0
configure:7058: gcc -E  conftest.c
conftest.c:12:28: error: ac_nonexistent.h: No such file or directory
configure:7058: $? = 1
configure: failed program was:
| /* confdefs.h */
| #define PACKAGE_NAME "openturns-integralcompoundpoisson"
| #define PACKAGE_TARNAME "integralcompoundpoisson"
| #define PACKAGE_VERSION "0.0.0"
| #define PACKAGE_STRING "openturns-integralcompoundpoisson 0.0.0"
| #define PACKAGE_BUGREPORT "bugs@openturns.org"
| #define PACKAGE_URL ""
| #define PACKAGE "integralcompoundpoisson"
| #define VERSION "0.0.0"
| #define INSTALL_PATH "/home/regis/Formation_Cours/OpenTURNSDevel/TPs/Denis/integralcompoundpoisson/build/install"
| /* end confdefs.h.  */
| #include <ac_nonexistent.h>
configure:7087: checking for ANSI C header files
configure:7107: gcc -c -mtune=native -march=native  conftest.c >&5
configure:7107: $? = 0
configure:7180: gcc -o conftest -mtune=native -march=native   conftest.c  >&5
configure:7180: $? = 0
configure:7180: ./conftest
configure:7180: $? = 0
configure:7191: result: yes
configure:7204: checking for sys/types.h
configure:7204: gcc -c -mtune=native -march=native  conftest.c >&5
configure:7204: $? = 0
configure:7204: result: yes
configure:7204: checking for sys/stat.h
configure:7204: gcc -c -mtune=native -march=native  conftest.c >&5
configure:7204: $? = 0
configure:7204: result: yes
configure:7204: checking for stdlib.h
configure:7204: gcc -c -mtune=native -march=native  conftest.c >&5
configure:7204: $? = 0
configure:7204: result: yes
configure:7204: checking for string.h
configure:7204: gcc -c -mtune=native -march=native  conftest.c >&5
configure:7204: $? = 0
configure:7204: result: yes
configure:7204: checking for memory.h
configure:7204: gcc -c -mtune=native -march=native  conftest.c >&5
configure:7204: $? = 0
configure:7204: result: yes
configure:7204: checking for strings.h
configure:7204: gcc -c -mtune=native -march=native  conftest.c >&5
configure:7204: $? = 0
configure:7204: result: yes
configure:7204: checking for inttypes.h
configure:7204: gcc -c -mtune=native -march=native  conftest.c >&5
configure:7204: $? = 0
configure:7204: result: yes
configure:7204: checking for stdint.h
configure:7204: gcc -c -mtune=native -march=native  conftest.c >&5
configure:7204: $? = 0
configure:7204: result: yes
configure:7204: checking for unistd.h
configure:7204: gcc -c -mtune=native -march=native  conftest.c >&5
configure:7204: $? = 0
configure:7204: result: yes
configure:7219: checking for dlfcn.h
configure:7219: gcc -c -mtune=native -march=native  conftest.c >&5
configure:7219: $? = 0
configure:7219: result: yes
configure:7401: checking for objdir
configure:7416: result: .libs
configure:7712: checking if gcc supports -fno-rtti -fno-exceptions
configure:7730: gcc -c -mtune=native -march=native  -fno-rtti -fno-exceptions conftest.c >&5
cc1: warning: command line option "-fno-rtti" is valid for C++/ObjC++ but not for C
configure:7734: $? = 0
configure:7747: result: no
configure:7767: checking for gcc option to produce PIC
configure:8039: result: -fPIC -DPIC
configure:8051: checking if gcc PIC flag -fPIC -DPIC works
configure:8069: gcc -c -mtune=native -march=native  -fPIC -DPIC -DPIC conftest.c >&5
configure:8073: $? = 0
configure:8086: result: yes
configure:8110: checking if gcc static flag -static works
configure:8138: result: no
configure:8153: checking if gcc supports -c -o file.o
configure:8174: gcc -c -mtune=native -march=native  -o out/conftest2.o conftest.c >&5
configure:8178: $? = 0
configure:8200: result: yes
configure:8208: checking if gcc supports -c -o file.o
configure:8255: result: yes
configure:8288: checking whether the gcc linker (/usr/local/bin/ld) supports shared libraries
configure:9275: result: yes
configure:9312: checking whether -lc should be explicitly linked in
configure:9317: gcc -c -mtune=native -march=native  conftest.c >&5
configure:9320: $? = 0
configure:9335: gcc -shared conftest.o  -v -Wl,-soname -Wl,conftest -o conftest 2\>\&1 \| /bin/grep  -lc  \>/dev/null 2\>\&1
configure:9338: $? = 0
configure:9350: result: no
configure:9514: checking dynamic linker characteristics
configure:9947: gcc -o conftest -mtune=native -march=native   -Wl,-rpath -Wl,/foo conftest.c  >&5
configure:9947: $? = 0
configure:10187: result: GNU/Linux ld.so
configure:10289: checking how to hardcode library paths into programs
configure:10314: result: immediate
configure:10408: checking for shl_load
configure:10408: gcc -o conftest -mtune=native -march=native   conftest.c  >&5
/usr/local/bin/ld: /tmp//cc43OeY4.o: in function main:conftest.c(.text+0x7): error: undefined reference to 'shl_load'
collect2: ld returned 1 exit status
configure:10408: $? = 1
configure: failed program was:
| /* confdefs.h */
| #define PACKAGE_NAME "openturns-integralcompoundpoisson"
| #define PACKAGE_TARNAME "integralcompoundpoisson"
| #define PACKAGE_VERSION "0.0.0"
| #define PACKAGE_STRING "openturns-integralcompoundpoisson 0.0.0"
| #define PACKAGE_BUGREPORT "bugs@openturns.org"
| #define PACKAGE_URL ""
| #define PACKAGE "integralcompoundpoisson"
| #define VERSION "0.0.0"
| #define INSTALL_PATH "/home/regis/Formation_Cours/OpenTURNSDevel/TPs/Denis/integralcompoundpoisson/build/install"
| #define STDC_HEADERS 1
| #define HAVE_SYS_TYPES_H 1
| #define HAVE_SYS_STAT_H 1
| #define HAVE_STDLIB_H 1
| #define HAVE_STRING_H 1
| #define HAVE_MEMORY_H 1
| #define HAVE_STRINGS_H 1
| #define HAVE_INTTYPES_H 1
| #define HAVE_STDINT_H 1
| #define HAVE_UNISTD_H 1
| #define HAVE_DLFCN_H 1
| #define LT_OBJDIR ".libs/"
| /* end confdefs.h.  */
| /* Define shl_load to an innocuous variant, in case <limits.h> declares shl_load.
|    For example, HP-UX 11i <limits.h> declares gettimeofday.  */
| #define shl_load innocuous_shl_load
| 
| /* System header to define __stub macros and hopefully few prototypes,
|     which can conflict with char shl_load (); below.
|     Prefer <limits.h> to <assert.h> if __STDC__ is defined, since
|     <limits.h> exists even on freestanding compilers.  */
| 
| #ifdef __STDC__
| # include <limits.h>
| #else
| # include <assert.h>
| #endif
| 
| #undef shl_load
| 
| /* Override any GCC internal prototype to avoid an error.
|    Use char because int might match the return type of a GCC
|    builtin and then its argument prototype would still apply.  */
| #ifdef __cplusplus
| extern "C"
| #endif
| char shl_load ();
| /* The GNU C library defines this for functions which it implements
|     to always fail with ENOSYS.  Some functions are actually named
|     something starting with __ and the normal name is an alias.  */
| #if defined __stub_shl_load || defined __stub___shl_load
| choke me
| #endif
| 
| int
| main ()
| {
| return shl_load ();
|   ;
|   return 0;
| }
configure:10408: result: no
configure:10412: checking for shl_load in -ldld
configure:10437: gcc -o conftest -mtune=native -march=native   conftest.c -ldld   >&5
/usr/local/bin/ld: error: cannot find -ldld
/usr/local/bin/ld: /tmp//ccHZs3m8.o: in function main:conftest.c(.text+0x7): error: undefined reference to 'shl_load'
collect2: ld returned 1 exit status
configure:10437: $? = 1
configure: failed program was:
| /* confdefs.h */
| #define PACKAGE_NAME "openturns-integralcompoundpoisson"
| #define PACKAGE_TARNAME "integralcompoundpoisson"
| #define PACKAGE_VERSION "0.0.0"
| #define PACKAGE_STRING "openturns-integralcompoundpoisson 0.0.0"
| #define PACKAGE_BUGREPORT "bugs@openturns.org"
| #define PACKAGE_URL ""
| #define PACKAGE "integralcompoundpoisson"
| #define VERSION "0.0.0"
| #define INSTALL_PATH "/home/regis/Formation_Cours/OpenTURNSDevel/TPs/Denis/integralcompoundpoisson/build/install"
| #define STDC_HEADERS 1
| #define HAVE_SYS_TYPES_H 1
| #define HAVE_SYS_STAT_H 1
| #define HAVE_STDLIB_H 1
| #define HAVE_STRING_H 1
| #define HAVE_MEMORY_H 1
| #define HAVE_STRINGS_H 1
| #define HAVE_INTTYPES_H 1
| #define HAVE_STDINT_H 1
| #define HAVE_UNISTD_H 1
| #define HAVE_DLFCN_H 1
| #define LT_OBJDIR ".libs/"
| /* end confdefs.h.  */
| 
| /* Override any GCC internal prototype to avoid an error.
|    Use char because int might match the return type of a GCC
|    builtin and then its argument prototype would still apply.  */
| #ifdef __cplusplus
| extern "C"
| #endif
| char shl_load ();
| int
| main ()
| {
| return shl_load ();
|   ;
|   return 0;
| }
configure:10446: result: no
configure:10451: checking for dlopen
configure:10451: gcc -o conftest -mtune=native -march=native   conftest.c  >&5
/usr/local/bin/ld: /tmp//ccWRpu0d.o: in function main:conftest.c(.text+0x7): error: undefined reference to 'dlopen'
collect2: ld returned 1 exit status
configure:10451: $? = 1
configure: failed program was:
| /* confdefs.h */
| #define PACKAGE_NAME "openturns-integralcompoundpoisson"
| #define PACKAGE_TARNAME "integralcompoundpoisson"
| #define PACKAGE_VERSION "0.0.0"
| #define PACKAGE_STRING "openturns-integralcompoundpoisson 0.0.0"
| #define PACKAGE_BUGREPORT "bugs@openturns.org"
| #define PACKAGE_URL ""
| #define PACKAGE "integralcompoundpoisson"
| #define VERSION "0.0.0"
| #define INSTALL_PATH "/home/regis/Formation_Cours/OpenTURNSDevel/TPs/Denis/integralcompoundpoisson/build/install"
| #define STDC_HEADERS 1
| #define HAVE_SYS_TYPES_H 1
| #define HAVE_SYS_STAT_H 1
| #define HAVE_STDLIB_H 1
| #define HAVE_STRING_H 1
| #define HAVE_MEMORY_H 1
| #define HAVE_STRINGS_H 1
| #define HAVE_INTTYPES_H 1
| #define HAVE_STDINT_H 1
| #define HAVE_UNISTD_H 1
| #define HAVE_DLFCN_H 1
| #define LT_OBJDIR ".libs/"
| /* end confdefs.h.  */
| /* Define dlopen to an innocuous variant, in case <limits.h> declares dlopen.
|    For example, HP-UX 11i <limits.h> declares gettimeofday.  */
| #define dlopen innocuous_dlopen
| 
| /* System header to define __stub macros and hopefully few prototypes,
|     which can conflict with char dlopen (); below.
|     Prefer <limits.h> to <assert.h> if __STDC__ is defined, since
|     <limits.h> exists even on freestanding compilers.  */
| 
| #ifdef __STDC__
| # include <limits.h>
| #else
| # include <assert.h>
| #endif
| 
| #undef dlopen
| 
| /* Override any GCC internal prototype to avoid an error.
|    Use char because int might match the return type of a GCC
|    builtin and then its argument prototype would still apply.  */
| #ifdef __cplusplus
| extern "C"
| #endif
| char dlopen ();
| /* The GNU C library defines this for functions which it implements
|     to always fail with ENOSYS.  Some functions are actually named
|     something starting with __ and the normal name is an alias.  */
| #if defined __stub_dlopen || defined __stub___dlopen
| choke me
| #endif
| 
| int
| main ()
| {
| return dlopen ();
|   ;
|   return 0;
| }
configure:10451: result: no
configure:10455: checking for dlopen in -ldl
configure:10480: gcc -o conftest -mtune=native -march=native   conftest.c -ldl   >&5
configure:10480: $? = 0
configure:10489: result: yes
configure:10608: checking whether a program can dlopen itself
configure:10678: gcc -o conftest -mtune=native -march=native  -DHAVE_DLFCN_H  -Wl,--export-dynamic conftest.c -ldl  >&5
configure:10681: $? = 0
configure:10699: result: yes
configure:10704: checking whether a statically linked program can dlopen itself
configure:10774: gcc -o conftest -mtune=native -march=native  -DHAVE_DLFCN_H  -Wl,--export-dynamic  conftest.c -ldl  >&5
configure:10777: $? = 0
configure:10795: result: yes
configure:10834: checking whether stripping libraries is possible
configure:10839: result: yes
configure:10874: checking if libtool supports shared libraries
configure:10876: result: yes
configure:10879: checking whether to build shared libraries
configure:10900: result: yes
configure:10903: checking whether to build static libraries
configure:10907: result: yes
configure:11000: checking for g++
configure:11016: found /usr/share/colorgcc/g++
configure:11027: result: g++
configure:11054: checking for C++ compiler version
configure:11063: g++ --version >&5
g++ (GCC) 4.4.3
Copyright (C) 2010 Free Software Foundation, Inc.
This is free software; see the source for copying conditions.  There is NO
warranty; not even for MERCHANTABILITY or FITNESS FOR A PARTICULAR PURPOSE.

configure:11074: $? = 0
configure:11063: g++ -v >&5
Using built-in specs.
Target: i586-manbo-linux-gnu
Configured with: ../configure --prefix=/usr --libexecdir=/usr/lib --with-slibdir=/lib --with-bugurl=https://qa.mandriva.com/ --mandir=/usr/share/man --infodir=/usr/share/info --enable-checking=release --enable-languages=c,c++,ada,fortran,objc,obj-c++,java --build=i586-manbo-linux-gnu --host=i586-manbo-linux-gnu --with-cpu=generic --with-system-zlib --enable-threads=posix --enable-shared --enable-objc-gc --enable-long-long --enable-__cxa_atexit --disable-libunwind-exceptions --enable-clocale=gnu --enable-java-awt=gtk --with-java-home=/usr/lib/jvm/java-1.5.0-gcj-1.5.0.0/jre --with-ecj-jar=/usr/share/java/eclipse-ecj.jar --enable-gtk-cairo --disable-libjava-multilib --enable-ssp --disable-libssp --disable-werror --with-ppl --with-cloog --with-python-dir=/lib/python2.6/site-packages
Thread model: posix
gcc version 4.4.3 (GCC) 
configure:11074: $? = 0
configure:11063: g++ -V >&5
g++: '-V' option must have argument
configure:11074: $? = 1
configure:11063: g++ -qversion >&5
g++: unrecognized option '-qversion'
g++: no input files
configure:11074: $? = 1
configure:11078: checking whether we are using the GNU C++ compiler
configure:11097: g++ -c -mtune=native -march=native  conftest.cpp >&5
configure:11097: $? = 0
configure:11106: result: yes
configure:11115: checking whether g++ accepts -g
configure:11135: g++ -c -g  conftest.cpp >&5
configure:11135: $? = 0
configure:11176: result: yes
configure:11201: checking dependency style of g++
configure:11311: result: gcc3
configure:11439: checking for C++ compiler version
configure:11448: g++ --version >&5
g++ (GCC) 4.4.3
Copyright (C) 2010 Free Software Foundation, Inc.
This is free software; see the source for copying conditions.  There is NO
warranty; not even for MERCHANTABILITY or FITNESS FOR A PARTICULAR PURPOSE.

configure:11459: $? = 0
configure:11448: g++ -v >&5
Using built-in specs.
Target: i586-manbo-linux-gnu
Configured with: ../configure --prefix=/usr --libexecdir=/usr/lib --with-slibdir=/lib --with-bugurl=https://qa.mandriva.com/ --mandir=/usr/share/man --infodir=/usr/share/info --enable-checking=release --enable-languages=c,c++,ada,fortran,objc,obj-c++,java --build=i586-manbo-linux-gnu --host=i586-manbo-linux-gnu --with-cpu=generic --with-system-zlib --enable-threads=posix --enable-shared --enable-objc-gc --enable-long-long --enable-__cxa_atexit --disable-libunwind-exceptions --enable-clocale=gnu --enable-java-awt=gtk --with-java-home=/usr/lib/jvm/java-1.5.0-gcj-1.5.0.0/jre --with-ecj-jar=/usr/share/java/eclipse-ecj.jar --enable-gtk-cairo --disable-libjava-multilib --enable-ssp --disable-libssp --disable-werror --with-ppl --with-cloog --with-python-dir=/lib/python2.6/site-packages
Thread model: posix
gcc version 4.4.3 (GCC) 
configure:11459: $? = 0
configure:11448: g++ -V >&5
g++: '-V' option must have argument
configure:11459: $? = 1
configure:11448: g++ -qversion >&5
g++: unrecognized option '-qversion'
g++: no input files
configure:11459: $? = 1
configure:11463: checking whether we are using the GNU C++ compiler
configure:11491: result: yes
configure:11500: checking whether g++ accepts -g
configure:11561: result: yes
configure:11586: checking dependency style of g++
configure:11696: result: gcc3
configure:11719: checking how to run the C++ preprocessor
configure:11746: g++ -E  conftest.cpp
configure:11746: $? = 0
configure:11760: g++ -E  conftest.cpp
conftest.cpp:24:28: error: ac_nonexistent.h: No such file or directory
configure:11760: $? = 1
configure: failed program was:
| /* confdefs.h */
| #define PACKAGE_NAME "openturns-integralcompoundpoisson"
| #define PACKAGE_TARNAME "integralcompoundpoisson"
| #define PACKAGE_VERSION "0.0.0"
| #define PACKAGE_STRING "openturns-integralcompoundpoisson 0.0.0"
| #define PACKAGE_BUGREPORT "bugs@openturns.org"
| #define PACKAGE_URL ""
| #define PACKAGE "integralcompoundpoisson"
| #define VERSION "0.0.0"
| #define INSTALL_PATH "/home/regis/Formation_Cours/OpenTURNSDevel/TPs/Denis/integralcompoundpoisson/build/install"
| #define STDC_HEADERS 1
| #define HAVE_SYS_TYPES_H 1
| #define HAVE_SYS_STAT_H 1
| #define HAVE_STDLIB_H 1
| #define HAVE_STRING_H 1
| #define HAVE_MEMORY_H 1
| #define HAVE_STRINGS_H 1
| #define HAVE_INTTYPES_H 1
| #define HAVE_STDINT_H 1
| #define HAVE_UNISTD_H 1
| #define HAVE_DLFCN_H 1
| #define LT_OBJDIR ".libs/"
| /* end confdefs.h.  */
| #include <ac_nonexistent.h>
configure:11785: result: g++ -E
configure:11805: g++ -E  conftest.cpp
configure:11805: $? = 0
configure:11819: g++ -E  conftest.cpp
conftest.cpp:24:28: error: ac_nonexistent.h: No such file or directory
configure:11819: $? = 1
configure: failed program was:
| /* confdefs.h */
| #define PACKAGE_NAME "openturns-integralcompoundpoisson"
| #define PACKAGE_TARNAME "integralcompoundpoisson"
| #define PACKAGE_VERSION "0.0.0"
| #define PACKAGE_STRING "openturns-integralcompoundpoisson 0.0.0"
| #define PACKAGE_BUGREPORT "bugs@openturns.org"
| #define PACKAGE_URL ""
| #define PACKAGE "integralcompoundpoisson"
| #define VERSION "0.0.0"
| #define INSTALL_PATH "/home/regis/Formation_Cours/OpenTURNSDevel/TPs/Denis/integralcompoundpoisson/build/install"
| #define STDC_HEADERS 1
| #define HAVE_SYS_TYPES_H 1
| #define HAVE_SYS_STAT_H 1
| #define HAVE_STDLIB_H 1
| #define HAVE_STRING_H 1
| #define HAVE_MEMORY_H 1
| #define HAVE_STRINGS_H 1
| #define HAVE_INTTYPES_H 1
| #define HAVE_STDINT_H 1
| #define HAVE_UNISTD_H 1
| #define HAVE_DLFCN_H 1
| #define LT_OBJDIR ".libs/"
| /* end confdefs.h.  */
| #include <ac_nonexistent.h>
configure:11987: checking for ld used by g++
configure:12054: result: /usr/local/bin/ld
configure:12061: checking if the linker (/usr/local/bin/ld) is GNU ld
configure:12076: result: yes
configure:12131: checking whether the g++ linker (/usr/local/bin/ld) supports shared libraries
configure:13044: result: yes
configure:13072: g++ -c -mtune=native -march=native  conftest.cpp >&5
configure:13075: $? = 0
configure:13257: checking for g++ option to produce PIC
configure:13574: result: -fPIC -DPIC
configure:13583: checking if g++ PIC flag -fPIC -DPIC works
configure:13601: g++ -c -mtune=native -march=native  -fPIC -DPIC -DPIC conftest.cpp >&5
configure:13605: $? = 0
configure:13618: result: yes
configure:13639: checking if g++ static flag -static works
configure:13667: result: no
configure:13679: checking if g++ supports -c -o file.o
configure:13700: g++ -c -mtune=native -march=native  -o out/conftest2.o conftest.cpp >&5
configure:13704: $? = 0
configure:13726: result: yes
configure:13731: checking if g++ supports -c -o file.o
configure:13778: result: yes
configure:13808: checking whether the g++ linker (/usr/local/bin/ld) supports shared libraries
configure:13837: result: yes
configure:13974: checking dynamic linker characteristics
configure:14355: g++ -o conftest -mtune=native -march=native   -Wl,-rpath -Wl,/foo conftest.cpp  >&5
configure:14355: $? = 0
configure:14595: result: GNU/Linux ld.so
configure:14646: checking how to hardcode library paths into programs
configure:14671: result: immediate
configure:14715: checking how to run the C preprocessor
configure:14785: result: gcc -E
configure:14805: gcc -E  conftest.c
configure:14805: $? = 0
configure:14819: gcc -E  conftest.c
conftest.c:24:28: error: ac_nonexistent.h: No such file or directory
configure:14819: $? = 1
configure: failed program was:
| /* confdefs.h */
| #define PACKAGE_NAME "openturns-integralcompoundpoisson"
| #define PACKAGE_TARNAME "integralcompoundpoisson"
| #define PACKAGE_VERSION "0.0.0"
| #define PACKAGE_STRING "openturns-integralcompoundpoisson 0.0.0"
| #define PACKAGE_BUGREPORT "bugs@openturns.org"
| #define PACKAGE_URL ""
| #define PACKAGE "integralcompoundpoisson"
| #define VERSION "0.0.0"
| #define INSTALL_PATH "/home/regis/Formation_Cours/OpenTURNSDevel/TPs/Denis/integralcompoundpoisson/build/install"
| #define STDC_HEADERS 1
| #define HAVE_SYS_TYPES_H 1
| #define HAVE_SYS_STAT_H 1
| #define HAVE_STDLIB_H 1
| #define HAVE_STRING_H 1
| #define HAVE_MEMORY_H 1
| #define HAVE_STRINGS_H 1
| #define HAVE_INTTYPES_H 1
| #define HAVE_STDINT_H 1
| #define HAVE_UNISTD_H 1
| #define HAVE_DLFCN_H 1
| #define LT_OBJDIR ".libs/"
| /* end confdefs.h.  */
| #include <ac_nonexistent.h>
configure:14851: checking for gawk
configure:14878: result: gawk
configure:14890: checking whether ln -s works
configure:14894: result: yes
configure:14901: checking whether make sets $(MAKE)
configure:14923: result: yes
configure:14937: checking for stdbool.h that conforms to C99
configure:15022: gcc -c -mtune=native -march=native  conftest.c >&5
configure:15022: $? = 0
configure:15029: result: yes
configure:15031: checking for _Bool
configure:15031: gcc -c -mtune=native -march=native  conftest.c >&5
configure:15031: $? = 0
configure:15031: gcc -c -mtune=native -march=native  conftest.c >&5
conftest.c: In function 'main':
conftest.c:60: error: expected expression before ')' token
configure:15031: $? = 1
configure: failed program was:
| /* confdefs.h */
| #define PACKAGE_NAME "openturns-integralcompoundpoisson"
| #define PACKAGE_TARNAME "integralcompoundpoisson"
| #define PACKAGE_VERSION "0.0.0"
| #define PACKAGE_STRING "openturns-integralcompoundpoisson 0.0.0"
| #define PACKAGE_BUGREPORT "bugs@openturns.org"
| #define PACKAGE_URL ""
| #define PACKAGE "integralcompoundpoisson"
| #define VERSION "0.0.0"
| #define INSTALL_PATH "/home/regis/Formation_Cours/OpenTURNSDevel/TPs/Denis/integralcompoundpoisson/build/install"
| #define STDC_HEADERS 1
| #define HAVE_SYS_TYPES_H 1
| #define HAVE_SYS_STAT_H 1
| #define HAVE_STDLIB_H 1
| #define HAVE_STRING_H 1
| #define HAVE_MEMORY_H 1
| #define HAVE_STRINGS_H 1
| #define HAVE_INTTYPES_H 1
| #define HAVE_STDINT_H 1
| #define HAVE_UNISTD_H 1
| #define HAVE_DLFCN_H 1
| #define LT_OBJDIR ".libs/"
| /* end confdefs.h.  */
| #include <stdio.h>
| #ifdef HAVE_SYS_TYPES_H
| # include <sys/types.h>
| #endif
| #ifdef HAVE_SYS_STAT_H
| # include <sys/stat.h>
| #endif
| #ifdef STDC_HEADERS
| # include <stdlib.h>
| # include <stddef.h>
| #else
| # ifdef HAVE_STDLIB_H
| #  include <stdlib.h>
| # endif
| #endif
| #ifdef HAVE_STRING_H
| # if !defined STDC_HEADERS && defined HAVE_MEMORY_H
| #  include <memory.h>
| # endif
| # include <string.h>
| #endif
| #ifdef HAVE_STRINGS_H
| # include <strings.h>
| #endif
| #ifdef HAVE_INTTYPES_H
| # include <inttypes.h>
| #endif
| #ifdef HAVE_STDINT_H
| # include <stdint.h>
| #endif
| #ifdef HAVE_UNISTD_H
| # include <unistd.h>
| #endif
| int
| main ()
| {
| if (sizeof ((_Bool)))
| 	    return 0;
|   ;
|   return 0;
| }
configure:15031: result: yes
configure:15048: checking for size_t
configure:15048: gcc -c -mtune=native -march=native  conftest.c >&5
configure:15048: $? = 0
configure:15048: gcc -c -mtune=native -march=native  conftest.c >&5
conftest.c: In function 'main':
conftest.c:62: error: expected expression before ')' token
configure:15048: $? = 1
configure: failed program was:
| /* confdefs.h */
| #define PACKAGE_NAME "openturns-integralcompoundpoisson"
| #define PACKAGE_TARNAME "integralcompoundpoisson"
| #define PACKAGE_VERSION "0.0.0"
| #define PACKAGE_STRING "openturns-integralcompoundpoisson 0.0.0"
| #define PACKAGE_BUGREPORT "bugs@openturns.org"
| #define PACKAGE_URL ""
| #define PACKAGE "integralcompoundpoisson"
| #define VERSION "0.0.0"
| #define INSTALL_PATH "/home/regis/Formation_Cours/OpenTURNSDevel/TPs/Denis/integralcompoundpoisson/build/install"
| #define STDC_HEADERS 1
| #define HAVE_SYS_TYPES_H 1
| #define HAVE_SYS_STAT_H 1
| #define HAVE_STDLIB_H 1
| #define HAVE_STRING_H 1
| #define HAVE_MEMORY_H 1
| #define HAVE_STRINGS_H 1
| #define HAVE_INTTYPES_H 1
| #define HAVE_STDINT_H 1
| #define HAVE_UNISTD_H 1
| #define HAVE_DLFCN_H 1
| #define LT_OBJDIR ".libs/"
| #define HAVE__BOOL 1
| #define HAVE_STDBOOL_H 1
| /* end confdefs.h.  */
| #include <stdio.h>
| #ifdef HAVE_SYS_TYPES_H
| # include <sys/types.h>
| #endif
| #ifdef HAVE_SYS_STAT_H
| # include <sys/stat.h>
| #endif
| #ifdef STDC_HEADERS
| # include <stdlib.h>
| # include <stddef.h>
| #else
| # ifdef HAVE_STDLIB_H
| #  include <stdlib.h>
| # endif
| #endif
| #ifdef HAVE_STRING_H
| # if !defined STDC_HEADERS && defined HAVE_MEMORY_H
| #  include <memory.h>
| # endif
| # include <string.h>
| #endif
| #ifdef HAVE_STRINGS_H
| # include <strings.h>
| #endif
| #ifdef HAVE_INTTYPES_H
| # include <inttypes.h>
| #endif
| #ifdef HAVE_STDINT_H
| # include <stdint.h>
| #endif
| #ifdef HAVE_UNISTD_H
| # include <unistd.h>
| #endif
| int
| main ()
| {
| if (sizeof ((size_t)))
| 	    return 0;
|   ;
|   return 0;
| }
configure:15048: result: yes
configure:15060: checking for inline
configure:15076: gcc -c -mtune=native -march=native  conftest.c >&5
configure:15076: $? = 0
configure:15084: result: inline
configure:15129: checking for Open TURNS config script
configure:15134: result: 
configure:15136: checking for Open TURNS module script
configure:15141: result: 
configure:15143: checking for Open TURNS install path
configure:15148: result: 
configure:15150: checking for Open TURNS include flags
configure:15155: result: 
configure:15157: checking for Open TURNS library flags
configure:15162: result: 
configure:15164: checking for Open TURNS libraries
configure:15169: result: 
configure:15171: checking for Open TURNS wrapper include flags
configure:15176: result: 
configure:15178: checking for Open TURNS wrapper library flags
configure:15183: result: 
configure:15185: checking for Open TURNS wrapper library
configure:15190: result: 
configure:15192: checking for Open TURNS wrapper DTD path
configure:15197: result: 
configure:15211: checking for openturns-config
configure:15229: found /home/regis/Incertitudes/OpenTURNS/lebrun/build/install//bin/openturns-config
configure:15241: result: /home/regis/Incertitudes/OpenTURNS/lebrun/build/install//bin/openturns-config
configure:15257: checking for openturns-module
configure:15275: found /home/regis/Incertitudes/OpenTURNS/lebrun/build/install//bin/openturns-module
configure:15287: result: /home/regis/Incertitudes/OpenTURNS/lebrun/build/install//bin/openturns-module
configure:15437: checking for Open TURNS config script
configure:15444: result: /home/regis/Incertitudes/OpenTURNS/lebrun/build/install//bin/openturns-config
configure:15446: checking for Open TURNS module script
configure:15453: result: /home/regis/Incertitudes/OpenTURNS/lebrun/build/install//bin/openturns-module
configure:15455: checking for Open TURNS install path
configure:15462: result: /home/regis/Incertitudes/OpenTURNS/lebrun/build/install
configure:15464: checking for Open TURNS include flags
configure:15471: result: -I/usr/include/libxml2 -I/usr/include -I/home/regis/Incertitudes/OpenTURNS/lebrun/build/install/include/openturns
configure:15473: checking for Open TURNS library flags
configure:15480: result: -L/usr/lib -L/usr/lib -L/home/regis/Incertitudes/OpenTURNS/lebrun/build/install/lib/openturns
configure:15482: checking for Open TURNS libraries
configure:15489: result: -lxml2 -lc -lOT
configure:15492: checking for Open TURNS wrapper include flags
configure:15499: result: -I/usr/include/libxml2 -I/usr/include -I/home/regis/Incertitudes/OpenTURNS/lebrun/build/install/include/openturns
configure:15501: checking for Open TURNS wrapper library flags
configure:15508: result: -L/usr/lib -L/usr/lib -L/home/regis/Incertitudes/OpenTURNS/lebrun/build/install/lib/openturns
configure:15510: checking for Open TURNS wrapper library
configure:15517: result: -lxml2 -lc -lOT
configure:15520: checking for Open TURNS wrapper DTD path
configure:15527: result: /home/regis/Incertitudes/OpenTURNS/lebrun/build/install/lib/openturns/wrappers
configure:15560: Open TURNS support is OK
configure:15609: checking libxml2 install path
configure:15612: result: /usr
configure:15629: checking libxml/parser.h usability
configure:15629: gcc -c -mtune=native -march=native  -I/usr/include/libxml2 conftest.c >&5
configure:15629: $? = 0
configure:15629: result: yes
configure:15629: checking libxml/parser.h presence
configure:15629: gcc -E  -I/usr/include/libxml2 conftest.c
configure:15629: $? = 0
configure:15629: result: yes
configure:15629: checking for libxml/parser.h
configure:15629: result: yes
configure:15657: checking for library containing xmlParseDoc
configure:15688: gcc -o conftest -mtune=native -march=native  -I/usr/include/libxml2  -L/usr/lib conftest.c  -lxml2 >&5
configure:15688: $? = 0
configure:15705: result: none required
configure:15723: Libxml2 support is OK
configure:15770: checking for python
configure:15788: found /usr/bin/python
configure:15800: result: /usr/bin/python
configure:15821: checking for python version
configure:15828: result: 2.6
configure:15840: checking for python platform
configure:15847: result: linux2
configure:15854: checking for python script directory
configure:15883: result: ${prefix}/lib/python2.6/site-packages
configure:15892: checking for python extension module directory
configure:15921: result: ${exec_prefix}/lib/python2.6/site-packages
configure:15972: checking for python2.6
configure:16002: result: /usr/bin/python
configure:16018: checking for a version of Python >= '2.1.0'
configure:16044: result: yes
configure:16075: checking for the distutils Python package
configure:16079: result: yes
configure:16093: checking for Python include path
configure:16103: result: -I/usr/include/python2.6
configure:16110: checking for Python library path
configure:16132: result: -L/usr/lib/python2.6 -lpython2.6
configure:16139: checking for Python site-packages path
configure:16145: result: /usr/lib/python2.6/site-packages
configure:16152: checking python extra libraries
configure:16159: result:  -ldl  -lpthread -lpthread -lpthread -lpthread -lutil
configure:16166: checking python extra linking flags
configure:16173: result: -Xlinker -export-dynamic
configure:16180: checking consistency of all components of python development environment
configure:16207: gcc -o conftest -mtune=native -march=native  -I/usr/include/python2.6  conftest.c  -L/usr/lib/python2.6 -lpython2.6 >&5
configure:16207: $? = 0
configure:16215: result: yes
configure:16278: checking for swig
configure:16296: found /usr/bin/swig
configure:16308: result: /usr/bin/swig
configure:16321: checking for SWIG version
configure:16324: result: 1.3.40
configure:16366: SWIG executable is '/usr/bin/swig'
configure:16369: SWIG library directory is '/usr/share/swig/1.3.40'
configure:16423: checking for doxygen
configure:16441: found /usr/bin/doxygen
configure:16453: result: /usr/bin/doxygen
configure:16480: checking for dot
configure:16498: found /usr/bin/dot
configure:16510: result: /usr/bin/dot
configure:16728: creating ./config.status

## ---------------------- ##
## Running config.status. ##
## ---------------------- ##

This file was extended by openturns-integralcompoundpoisson config.status 0.0.0, which was
generated by GNU Autoconf 2.65.  Invocation command line was

  CONFIG_FILES    = 
  CONFIG_HEADERS  = 
  CONFIG_LINKS    = 
  CONFIG_COMMANDS = 
  $ ./config.status 

on localhost.localdomain

config.status:1111: creating Doxyfile
config.status:1111: creating Makefile
config.status:1111: creating CONF
config.status:1111: creating m4/Makefile
config.status:1111: creating config/Makefile
config.status:1111: creating src/Makefile
config.status:1111: creating python/Makefile
config.status:1111: creating test/Makefile
config.status:1111: creating test/atlocal
config.status:1267: executing test/atconfig commands
config.status:1267: executing depfiles commands
config.status:1267: executing libtool commands

## ---------------- ##
## Cache variables. ##
## ---------------- ##

ac_cv_build=i686-pc-linux-gnu
ac_cv_c_compiler_gnu=yes
ac_cv_c_inline=inline
ac_cv_cxx_compiler_gnu=yes
ac_cv_env_CCC_set=
ac_cv_env_CCC_value=
ac_cv_env_CC_set=
ac_cv_env_CC_value=
ac_cv_env_CFLAGS_set=set
ac_cv_env_CFLAGS_value='-mtune=native -march=native'
ac_cv_env_CPPFLAGS_set=
ac_cv_env_CPPFLAGS_value=
ac_cv_env_CPP_set=
ac_cv_env_CPP_value=
ac_cv_env_CXXCPP_set=
ac_cv_env_CXXCPP_value=
ac_cv_env_CXXFLAGS_set=set
ac_cv_env_CXXFLAGS_value='-mtune=native -march=native'
ac_cv_env_CXX_set=
ac_cv_env_CXX_value=
ac_cv_env_DOT_set=
ac_cv_env_DOT_value=
ac_cv_env_DOXYGEN_set=
ac_cv_env_DOXYGEN_value=
ac_cv_env_LDFLAGS_set=
ac_cv_env_LDFLAGS_value=
ac_cv_env_LIBS_set=
ac_cv_env_LIBS_value=
ac_cv_env_PYTHON_VERSION_set=
ac_cv_env_PYTHON_VERSION_value=
ac_cv_env_SWIGFLAGS_set=
ac_cv_env_SWIGFLAGS_value=
ac_cv_env_build_alias_set=
ac_cv_env_build_alias_value=
ac_cv_env_host_alias_set=
ac_cv_env_host_alias_value=
ac_cv_env_target_alias_set=
ac_cv_env_target_alias_value=
ac_cv_func_dlopen=no
ac_cv_func_shl_load=no
ac_cv_header_dlfcn_h=yes
ac_cv_header_inttypes_h=yes
ac_cv_header_libxml_parser_h=yes
ac_cv_header_memory_h=yes
ac_cv_header_stdbool_h=yes
ac_cv_header_stdc=yes
ac_cv_header_stdint_h=yes
ac_cv_header_stdlib_h=yes
ac_cv_header_string_h=yes
ac_cv_header_strings_h=yes
ac_cv_header_sys_stat_h=yes
ac_cv_header_sys_types_h=yes
ac_cv_header_unistd_h=yes
ac_cv_host=i686-pc-linux-gnu
ac_cv_lib_dl_dlopen=yes
ac_cv_lib_dld_shl_load=no
ac_cv_objext=o
ac_cv_path_DOT=/usr/bin/dot
ac_cv_path_DOXYGEN=/usr/bin/doxygen
ac_cv_path_EGREP='/bin/grep -E'
ac_cv_path_FGREP='/bin/grep -F'
ac_cv_path_GREP=/bin/grep
ac_cv_path_OPENTURNS_CONFIG_SCRIPT=/home/regis/Incertitudes/OpenTURNS/lebrun/build/install//bin/openturns-config
ac_cv_path_OPENTURNS_MODULE_SCRIPT=/home/regis/Incertitudes/OpenTURNS/lebrun/build/install//bin/openturns-module
ac_cv_path_PYTHON=/usr/bin/python
ac_cv_path_SED=/bin/sed
ac_cv_path_SWIG=/usr/bin/swig
ac_cv_path_install='/usr/bin/install -c'
ac_cv_path_mkdir=/bin/mkdir
ac_cv_prog_AWK=gawk
ac_cv_prog_CPP='gcc -E'
ac_cv_prog_CXXCPP='g++ -E'
ac_cv_prog_ac_ct_AR=ar
ac_cv_prog_ac_ct_CC=gcc
ac_cv_prog_ac_ct_CXX=g++
ac_cv_prog_ac_ct_OBJDUMP=objdump
ac_cv_prog_ac_ct_RANLIB=ranlib
ac_cv_prog_ac_ct_STRIP=strip
ac_cv_prog_cc_c89=
ac_cv_prog_cc_g=yes
ac_cv_prog_cxx_g=yes
ac_cv_prog_make_make_set=yes
ac_cv_search_xmlParseDoc='none required'
ac_cv_type__Bool=yes
ac_cv_type_size_t=yes
am_cv_CC_dependencies_compiler_type=gcc3
am_cv_CXX_dependencies_compiler_type=gcc3
am_cv_prog_tar_ustar=gnutar
am_cv_python_platform=linux2
am_cv_python_pyexecdir='${exec_prefix}/lib/python2.6/site-packages'
am_cv_python_pythondir='${prefix}/lib/python2.6/site-packages'
am_cv_python_version=2.6
lt_cv_deplibs_check_method=pass_all
lt_cv_dlopen=dlopen
lt_cv_dlopen_libs=-ldl
lt_cv_dlopen_self=yes
lt_cv_dlopen_self_static=yes
lt_cv_file_magic_cmd='$MAGIC_CMD'
lt_cv_file_magic_test_file=
lt_cv_ld_reload_flag=-r
lt_cv_nm_interface='BSD nm'
lt_cv_objdir=.libs
lt_cv_path_LD=/usr/local/bin/ld
lt_cv_path_LDCXX=/usr/local/bin/ld
lt_cv_path_NM='/usr/local/bin/nm -B'
lt_cv_prog_compiler_c_o=yes
lt_cv_prog_compiler_c_o_CXX=yes
lt_cv_prog_compiler_pic_works=yes
lt_cv_prog_compiler_pic_works_CXX=yes
lt_cv_prog_compiler_rtti_exceptions=no
lt_cv_prog_compiler_static_works=no
lt_cv_prog_compiler_static_works_CXX=no
lt_cv_prog_gnu_ld=yes
lt_cv_prog_gnu_ldcxx=yes
lt_cv_sys_global_symbol_pipe='sed -n -e '\''s/^.*[	 ]\([ABCDGIRSTW][ABCDGIRSTW]*\)[	 ][	 ]*\([_A-Za-z][_A-Za-z0-9]*\)$/\1 \2 \2/p'\'''
lt_cv_sys_global_symbol_to_c_name_address='sed -n -e '\''s/^: \([^ ]*\) $/  {\"\1\", (void *) 0},/p'\'' -e '\''s/^[ABCDGIRSTW]* \([^ ]*\) \([^ ]*\)$/  {"\2", (void *) \&\2},/p'\'''
lt_cv_sys_global_symbol_to_c_name_address_lib_prefix='sed -n -e '\''s/^: \([^ ]*\) $/  {\"\1\", (void *) 0},/p'\'' -e '\''s/^[ABCDGIRSTW]* \([^ ]*\) \(lib[^ ]*\)$/  {"\2", (void *) \&\2},/p'\'' -e '\''s/^[ABCDGIRSTW]* \([^ ]*\) \([^ ]*\)$/  {"lib\2", (void *) \&\2},/p'\'''
lt_cv_sys_global_symbol_to_cdecl='sed -n -e '\''s/^T .* \(.*\)$/extern int \1();/p'\'' -e '\''s/^[ABCDGIRSTW]* .* \(.*\)$/extern char \1;/p'\'''
lt_cv_sys_max_cmd_len=1572864
ot_cv_openturns_config_script=/home/regis/Incertitudes/OpenTURNS/lebrun/build/install//bin/openturns-config
ot_cv_openturns_cppflags='-I/usr/include/libxml2 -I/usr/include -I/home/regis/Incertitudes/OpenTURNS/lebrun/build/install/include/openturns'
ot_cv_openturns_install_path=/home/regis/Incertitudes/OpenTURNS/lebrun/build/install
ot_cv_openturns_ldflags='-L/usr/lib -L/usr/lib -L/home/regis/Incertitudes/OpenTURNS/lebrun/build/install/lib/openturns'
ot_cv_openturns_libs='-lxml2 -lc -lOT'
ot_cv_openturns_module_script=/home/regis/Incertitudes/OpenTURNS/lebrun/build/install//bin/openturns-module
ot_cv_openturns_wrapper_cppflags='-I/usr/include/libxml2 -I/usr/include -I/home/regis/Incertitudes/OpenTURNS/lebrun/build/install/include/openturns'
ot_cv_openturns_wrapper_dtd_path=/home/regis/Incertitudes/OpenTURNS/lebrun/build/install/lib/openturns/wrappers
ot_cv_openturns_wrapper_ldflags='-L/usr/lib -L/usr/lib -L/home/regis/Incertitudes/OpenTURNS/lebrun/build/install/lib/openturns'
ot_cv_openturns_wrapper_libs='-lxml2 -lc -lOT'

## ----------------- ##
## Output variables. ##
## ----------------- ##

ACLOCAL='${SHELL} /home/regis/Formation_Cours/OpenTURNSDevel/TPs/Denis/integralcompoundpoisson/config/missing --run aclocal-1.11'
AMDEPBACKSLASH='\'
AMDEP_FALSE='#'
AMDEP_TRUE=''
AMTAR='${SHELL} /home/regis/Formation_Cours/OpenTURNSDevel/TPs/Denis/integralcompoundpoisson/config/missing --run tar'
AR='ar'
AUTOCONF='${SHELL} /home/regis/Formation_Cours/OpenTURNSDevel/TPs/Denis/integralcompoundpoisson/config/missing --run autoconf'
AUTOHEADER='${SHELL} /home/regis/Formation_Cours/OpenTURNSDevel/TPs/Denis/integralcompoundpoisson/config/missing --run autoheader'
AUTOMAKE='${SHELL} /home/regis/Formation_Cours/OpenTURNSDevel/TPs/Denis/integralcompoundpoisson/config/missing --run automake-1.11'
AWK='gawk'
CC='gcc'
CCDEPMODE='depmode=gcc3'
CFLAGS='-mtune=native -march=native'
CPP='gcc -E'
CPPFLAGS=' '
CXX='g++'
CXXCPP='g++ -E'
CXXDEPMODE='depmode=gcc3'
CXXFLAGS='-mtune=native -march=native'
CYGPATH_W='echo'
DEFS='-DPACKAGE_NAME=\"openturns-integralcompoundpoisson\" -DPACKAGE_TARNAME=\"integralcompoundpoisson\" -DPACKAGE_VERSION=\"0.0.0\" -DPACKAGE_STRING=\"openturns-integralcompoundpoisson\ 0.0.0\" -DPACKAGE_BUGREPORT=\"bugs@openturns.org\" -DPACKAGE_URL=\"\" -DPACKAGE=\"integralcompoundpoisson\" -DVERSION=\"0.0.0\" -DINSTALL_PATH=\"/home/regis/Formation_Cours/OpenTURNSDevel/TPs/Denis/integralcompoundpoisson/build/install\" -DSTDC_HEADERS=1 -DHAVE_SYS_TYPES_H=1 -DHAVE_SYS_STAT_H=1 -DHAVE_STDLIB_H=1 -DHAVE_STRING_H=1 -DHAVE_MEMORY_H=1 -DHAVE_STRINGS_H=1 -DHAVE_INTTYPES_H=1 -DHAVE_STDINT_H=1 -DHAVE_UNISTD_H=1 -DHAVE_DLFCN_H=1 -DLT_OBJDIR=\".libs/\" -DHAVE__BOOL=1 -DHAVE_STDBOOL_H=1 -DHAVE_LIBXML_PARSER_H=1 -DHAVE_LIBXML2=1'
DEPDIR='.deps'
DOT='/usr/bin/dot'
DOXYGEN='/usr/bin/doxygen'
DSYMUTIL=''
DUMPBIN=''
ECHO_C=''
ECHO_N='-n'
ECHO_T=''
EGREP='/bin/grep -E'
EXEEXT=''
FGREP='/bin/grep -F'
GREP='/bin/grep'
INSTALL_DATA='${INSTALL} -m 644'
INSTALL_PROGRAM='${INSTALL}'
INSTALL_SCRIPT='${INSTALL}'
INSTALL_STRIP_PROGRAM='$(install_sh) -c -s'
LD='/usr/local/bin/ld'
LDFLAGS=' '
LIBOBJS=''
LIBS=' '
LIBTOOL='$(SHELL) $(top_builddir)/libtool $(LIBTOOL_FLAGS)'
LIBXML2_CPPFLAGS='-I/usr/include/libxml2'
LIBXML2_LDFLAGS='-L/usr/lib'
LIBXML2_LIBS='-lxml2'
LIPO=''
LN_S='ln -s'
LTLIBOBJS=''
MAKEINFO='${SHELL} /home/regis/Formation_Cours/OpenTURNSDevel/TPs/Denis/integralcompoundpoisson/config/missing --run makeinfo'
MKDIR_P='/bin/mkdir -p'
NM='/usr/local/bin/nm -B'
NMEDIT=''
OBJDUMP='objdump'
OBJEXT='o'
OPENTURNS_CONFIG_SCRIPT='/home/regis/Incertitudes/OpenTURNS/lebrun/build/install//bin/openturns-config'
OPENTURNS_CPPFLAGS='-I/usr/include/libxml2 -I/usr/include -I/home/regis/Incertitudes/OpenTURNS/lebrun/build/install/include/openturns'
OPENTURNS_INSTALL_PATH='/home/regis/Incertitudes/OpenTURNS/lebrun/build/install'
OPENTURNS_LDFLAGS='-L/usr/lib -L/usr/lib -L/home/regis/Incertitudes/OpenTURNS/lebrun/build/install/lib/openturns'
OPENTURNS_LIBS='-lxml2 -lc -lOT'
OPENTURNS_MODULE_SCRIPT='/home/regis/Incertitudes/OpenTURNS/lebrun/build/install//bin/openturns-module'
OPENTURNS_WRAPPER_CPPFLAGS='-I/usr/include/libxml2 -I/usr/include -I/home/regis/Incertitudes/OpenTURNS/lebrun/build/install/include/openturns'
OPENTURNS_WRAPPER_DTD_PATH='/home/regis/Incertitudes/OpenTURNS/lebrun/build/install/lib/openturns/wrappers'
OPENTURNS_WRAPPER_LDFLAGS='-L/usr/lib -L/usr/lib -L/home/regis/Incertitudes/OpenTURNS/lebrun/build/install/lib/openturns'
OPENTURNS_WRAPPER_LIBS='-lxml2 -lc -lOT'
OTOOL64=''
OTOOL=''
OT_CFLAGS=' -g'
OT_CPPFLAGS=' -DDEBUG'
OT_CXXFLAGS=' -g'
OT_FFLAGS=' -g'
PACKAGE='integralcompoundpoisson'
PACKAGE_BUGREPORT='bugs@openturns.org'
PACKAGE_NAME='openturns-integralcompoundpoisson'
PACKAGE_STRING='openturns-integralcompoundpoisson 0.0.0'
PACKAGE_TARNAME='integralcompoundpoisson'
PACKAGE_URL=''
PACKAGE_VERSION='0.0.0'
PATH_SEPARATOR=':'
PYTHON='/usr/bin/python'
PYTHON_CPPFLAGS='-I/usr/include/python2.6'
PYTHON_EXEC_PREFIX='${exec_prefix}'
PYTHON_EXTRA_LDFLAGS='-Xlinker -export-dynamic'
PYTHON_EXTRA_LIBS=' -ldl  -lpthread -lpthread -lpthread -lpthread -lutil'
PYTHON_LDFLAGS='-L/usr/lib/python2.6 -lpython2.6'
PYTHON_PLATFORM='linux2'
PYTHON_PREFIX='/usr'
PYTHON_SITE_PKG='/usr/lib/python2.6/site-packages'
PYTHON_VERSION='2.6'
RANLIB='ranlib'
SED='/bin/sed'
SET_MAKE=''
SHELL='/bin/sh'
STRIP='strip'
SWIG='/usr/bin/swig -c++'
SWIGFLAGS='-I/home/regis/Incertitudes/OpenTURNS/lebrun/build/install/include/openturns/swig  '
SWIG_LIB='/usr/share/swig/1.3.40'
SWIG_PYTHON_CPPFLAGS='-I/usr/include/python2.6'
SWIG_PYTHON_OPT='-python'
VERSION='0.0.0'
WITH_DOT='1'
WITH_DOT_FALSE='#'
WITH_DOT_TRUE=''
WITH_DOXYGEN_FALSE='#'
WITH_DOXYGEN_TRUE=''
WITH_LIBXML2='1'
WITH_LIBXML2_FALSE='#'
WITH_LIBXML2_TRUE=''
WITH_OPENTURNS_FALSE='#'
WITH_OPENTURNS_TRUE=''
WITH_PYTHON_FALSE='#'
WITH_PYTHON_TRUE=''
WITH_SWIG_FALSE='#'
WITH_SWIG_TRUE=''
ac_aux_dir='../config'
ac_ct_CC='gcc'
ac_ct_CXX='g++'
ac_ct_DUMPBIN=''
am__EXEEXT_FALSE=''
am__EXEEXT_TRUE='#'
am__fastdepCC_FALSE='#'
am__fastdepCC_TRUE=''
am__fastdepCXX_FALSE='#'
am__fastdepCXX_TRUE=''
am__include='include'
am__isrc=' -I$(srcdir)'
am__leading_dot='.'
am__quote=''
am__tar='tar --format=ustar -chf - "$$tardir"'
am__untar='tar -xf -'
bindir='${exec_prefix}/bin'
build='i686-pc-linux-gnu'
build_alias=''
build_cpu='i686'
build_os='linux-gnu'
build_vendor='pc'
datadir='${datarootdir}'
datarootdir='${prefix}/share'
docdir='${datarootdir}/doc/${PACKAGE_TARNAME}'
dvidir='${docdir}'
exec_prefix='${prefix}'
host='i686-pc-linux-gnu'
host_alias=''
host_cpu='i686'
host_os='linux-gnu'
host_vendor='pc'
htmldir='${docdir}'
includedir='${prefix}/include'
infodir='${datarootdir}/info'
install_sh='${SHELL} /home/regis/Formation_Cours/OpenTURNSDevel/TPs/Denis/integralcompoundpoisson/config/install-sh'
libdir='${exec_prefix}/lib'
libexecdir='${exec_prefix}/libexec'
localedir='${datarootdir}/locale'
localstatedir='${prefix}/var'
lt_ECHO='echo'
mandir='${datarootdir}/man'
mkdir_p='/bin/mkdir -p'
oldincludedir='/usr/include'
pdfdir='${docdir}'
pkgpyexecdir='${pyexecdir}/integralcompoundpoisson'
pkgpythondir='${pythondir}/integralcompoundpoisson'
prefix='/home/regis/Formation_Cours/OpenTURNSDevel/TPs/Denis/integralcompoundpoisson/build/install'
program_transform_name='s,x,x,'
psdir='${docdir}'
pyexecdir='${exec_prefix}/lib/python2.6/site-packages'
python_includedir='/usr/include/python2.6'
python_libdir='/usr/lib/python2.6/m4'
python_version='2.6'
pythondir='${prefix}/lib/python2.6/site-packages'
sbindir='${exec_prefix}/sbin'
sharedstatedir='${prefix}/com'
sysconfdir='${prefix}/etc'
target_alias=''

## ----------- ##
## confdefs.h. ##
## ----------- ##

/* confdefs.h */
#define PACKAGE_NAME "openturns-integralcompoundpoisson"
#define PACKAGE_TARNAME "integralcompoundpoisson"
#define PACKAGE_VERSION "0.0.0"
#define PACKAGE_STRING "openturns-integralcompoundpoisson 0.0.0"
#define PACKAGE_BUGREPORT "bugs@openturns.org"
#define PACKAGE_URL ""
#define PACKAGE "integralcompoundpoisson"
#define VERSION "0.0.0"
#define INSTALL_PATH "/home/regis/Formation_Cours/OpenTURNSDevel/TPs/Denis/integralcompoundpoisson/build/install"
#define STDC_HEADERS 1
#define HAVE_SYS_TYPES_H 1
#define HAVE_SYS_STAT_H 1
#define HAVE_STDLIB_H 1
#define HAVE_STRING_H 1
#define HAVE_MEMORY_H 1
#define HAVE_STRINGS_H 1
#define HAVE_INTTYPES_H 1
#define HAVE_STDINT_H 1
#define HAVE_UNISTD_H 1
#define HAVE_DLFCN_H 1
#define LT_OBJDIR ".libs/"
#define HAVE__BOOL 1
#define HAVE_STDBOOL_H 1
#define HAVE_LIBXML_PARSER_H 1
#define HAVE_LIBXML2 1

configure: exit 0
