This file contains any messages produced by compilers while
running configure, to aid debugging if configure makes a mistake.

It was created by OpenTURNS module 'UniformSphericalRandomVector' configure 0.0.0, which was
generated by GNU Autoconf 2.65.  Invocation command line was

  $ ../configure --with-swig --with-openturns=/home/macocco/essai_openturns/openturns-0.13.2/build/install --prefix=/home/macocco/essai_openturns/mon_module/trunk/build/install

## --------- ##
## Platform. ##
## --------- ##

hostname = chevrolet-l64
uname -m = x86_64
uname -r = 2.6.32-29-generic
uname -s = Linux
uname -v = #58-Ubuntu SMP Fri Feb 11 20:52:10 UTC 2011

/usr/bin/uname -p = unknown
/bin/uname -X     = unknown

/bin/arch              = unknown
/usr/bin/arch -k       = unknown
/usr/convex/getsysinfo = unknown
/usr/bin/hostinfo      = unknown
/bin/machine           = unknown
/usr/bin/oslevel       = unknown
/bin/universe          = unknown

PATH: /usr/local/sbin
PATH: /usr/local/bin
PATH: /usr/sbin
PATH: /usr/bin
PATH: /sbin
PATH: /bin
PATH: /usr/games


## ----------- ##
## Core tests. ##
## ----------- ##

configure:2705: checking for a BSD-compatible install
configure:2773: result: /usr/bin/install -c
configure:2784: checking whether build environment is sane
configure:2834: result: yes
configure:2975: checking for a thread-safe mkdir -p
configure:3014: result: /bin/mkdir -p
configure:3027: checking for gawk
configure:3043: found /usr/bin/gawk
configure:3054: result: gawk
configure:3065: checking whether make sets $(MAKE)
configure:3087: result: yes
configure:3162: checking how to create a ustar tar archive
configure:3175: tar --version
tar (GNU tar) 1.22
Copyright (C) 2009 Free Software Foundation, Inc.
License GPLv3+: GNU GPL version 3 or later <http://gnu.org/licenses/gpl.html>.
This is free software: you are free to change and redistribute it.
There is NO WARRANTY, to the extent permitted by law.

Written by John Gilmore and Jay Fenlason.
configure:3178: $? = 0
configure:3218: tardir=conftest.dir && eval tar --format=ustar -chf - "$tardir" >conftest.tar
configure:3221: $? = 0
configure:3225: tar -xf - <conftest.tar
configure:3228: $? = 0
configure:3241: result: gnutar
configure:3313: Debug level is enableval
configure:3351: checking build system type
configure:3365: result: x86_64-unknown-linux-gnu
configure:3385: checking host system type
configure:3398: result: x86_64-unknown-linux-gnu
configure:3430: checking for style of include used by make
configure:3458: result: GNU
configure:3528: checking for gcc
configure:3544: found /usr/bin/gcc
configure:3555: result: gcc
configure:3784: checking for C compiler version
configure:3793: gcc --version >&5
gcc (Ubuntu 4.4.3-4ubuntu5) 4.4.3
Copyright (C) 2009 Free Software Foundation, Inc.
This is free software; see the source for copying conditions.  There is NO
warranty; not even for MERCHANTABILITY or FITNESS FOR A PARTICULAR PURPOSE.

configure:3804: $? = 0
configure:3793: gcc -v >&5
Using built-in specs.
Target: x86_64-linux-gnu
Configured with: ../src/configure -v --with-pkgversion='Ubuntu 4.4.3-4ubuntu5' --with-bugurl=file:///usr/share/doc/gcc-4.4/README.Bugs --enable-languages=c,c++,fortran,objc,obj-c++ --prefix=/usr --enable-shared --enable-multiarch --enable-linker-build-id --with-system-zlib --libexecdir=/usr/lib --without-included-gettext --enable-threads=posix --with-gxx-include-dir=/usr/include/c++/4.4 --program-suffix=-4.4 --enable-nls --enable-clocale=gnu --enable-libstdcxx-debug --enable-plugin --enable-objc-gc --disable-werror --with-arch-32=i486 --with-tune=generic --enable-checking=release --build=x86_64-linux-gnu --host=x86_64-linux-gnu --target=x86_64-linux-gnu
Thread model: posix
gcc version 4.4.3 (Ubuntu 4.4.3-4ubuntu5) 
configure:3804: $? = 0
configure:3793: gcc -V >&5
gcc: '-V' option must have argument
configure:3804: $? = 1
configure:3793: gcc -qversion >&5
gcc: unrecognized option '-qversion'
gcc: no input files
configure:3804: $? = 1
configure:3824: checking whether the C compiler works
configure:3846: gcc    conftest.c  >&5
configure:3850: $? = 0
configure:3899: result: yes
configure:3902: checking for C compiler default output file name
configure:3904: result: a.out
configure:3910: checking for suffix of executables
configure:3917: gcc -o conftest    conftest.c  >&5
configure:3921: $? = 0
configure:3943: result: 
configure:3965: checking whether we are cross compiling
configure:3973: gcc -o conftest    conftest.c  >&5
configure:3977: $? = 0
configure:3984: ./conftest
configure:3988: $? = 0
configure:4003: result: no
configure:4008: checking for suffix of object files
configure:4030: gcc -c   conftest.c >&5
configure:4034: $? = 0
configure:4055: result: o
configure:4059: checking whether we are using the GNU C compiler
configure:4078: gcc -c   conftest.c >&5
configure:4078: $? = 0
configure:4087: result: yes
configure:4096: checking whether gcc accepts -g
configure:4116: gcc -c -g  conftest.c >&5
configure:4116: $? = 0
configure:4157: result: yes
configure:4174: checking for gcc option to accept ISO C89
configure:4238: gcc  -c -g -O2  conftest.c >&5
configure:4238: $? = 0
configure:4251: result: none needed
configure:4273: checking dependency style of gcc
configure:4383: result: gcc3
configure:4398: checking for a sed that does not truncate output
configure:4462: result: /bin/sed
configure:4480: checking for grep that handles long lines and -e
configure:4538: result: /bin/grep
configure:4543: checking for egrep
configure:4605: result: /bin/grep -E
configure:4610: checking for fgrep
configure:4672: result: /bin/grep -F
configure:4707: checking for ld used by gcc
configure:4774: result: /usr/bin/ld
configure:4781: checking if the linker (/usr/bin/ld) is GNU ld
configure:4796: result: yes
configure:4808: checking for BSD- or MS-compatible name lister (nm)
configure:4857: result: /usr/bin/nm -B
configure:4975: checking the name lister (/usr/bin/nm -B) interface
configure:4982: gcc -c -g -O2  conftest.c >&5
configure:4985: /usr/bin/nm -B "conftest.o"
configure:4988: output
0000000000000000 B some_variable
configure:4995: result: BSD nm
configure:4998: checking whether ln -s works
configure:5002: result: yes
configure:5010: checking the maximum length of command line arguments
configure:5130: result: 1572864
configure:5147: checking whether the shell understands some XSI constructs
configure:5157: result: yes
configure:5161: checking whether the shell understands "+="
configure:5167: result: yes
configure:5202: checking for /usr/bin/ld option to reload object files
configure:5209: result: -r
configure:5278: checking for objdump
configure:5294: found /usr/bin/objdump
configure:5305: result: objdump
configure:5337: checking how to recognize dependent libraries
configure:5533: result: pass_all
configure:5593: checking for ar
configure:5609: found /usr/bin/ar
configure:5620: result: ar
configure:5698: checking for strip
configure:5714: found /usr/bin/strip
configure:5725: result: strip
configure:5797: checking for ranlib
configure:5813: found /usr/bin/ranlib
configure:5824: result: ranlib
configure:5914: checking command to parse /usr/bin/nm -B output from gcc object
configure:6032: gcc -c -g -O2  conftest.c >&5
configure:6035: $? = 0
configure:6039: /usr/bin/nm -B conftest.o \| sed -n -e 's/^.*[	 ]\([ABCDGIRSTW][ABCDGIRSTW]*\)[	 ][	 ]*\([_A-Za-z][_A-Za-z0-9]*\)$/\1 \2 \2/p' \> conftest.nm
configure:6042: $? = 0
configure:6096: gcc -o conftest -g -O2   conftest.c conftstm.o >&5
configure:6099: $? = 0
configure:6137: result: ok
configure:6233: gcc -c -g -O2  conftest.c >&5
configure:6236: $? = 0
configure:6946: checking how to run the C preprocessor
configure:6977: gcc -E  conftest.c
configure:6977: $? = 0
configure:6991: gcc -E  conftest.c
conftest.c:12:28: error: ac_nonexistent.h: No such file or directory
configure:6991: $? = 1
configure: failed program was:
| /* confdefs.h */
| #define PACKAGE_NAME "OpenTURNS module UniformSphericalRandomVector"
| #define PACKAGE_TARNAME "UniformSphericalRandomVector"
| #define PACKAGE_VERSION "0.0.0"
| #define PACKAGE_STRING "OpenTURNS module UniformSphericalRandomVector 0.0.0"
| #define PACKAGE_BUGREPORT "bugs@openturns.org"
| #define PACKAGE_URL ""
| #define PACKAGE "UniformSphericalRandomVector"
| #define VERSION "0.0.0"
| #define INSTALL_PATH "/home/macocco/essai_openturns/mon_module/trunk/build/install"
| /* end confdefs.h.  */
| #include <ac_nonexistent.h>
configure:7016: result: gcc -E
configure:7036: gcc -E  conftest.c
configure:7036: $? = 0
configure:7050: gcc -E  conftest.c
conftest.c:12:28: error: ac_nonexistent.h: No such file or directory
configure:7050: $? = 1
configure: failed program was:
| /* confdefs.h */
| #define PACKAGE_NAME "OpenTURNS module UniformSphericalRandomVector"
| #define PACKAGE_TARNAME "UniformSphericalRandomVector"
| #define PACKAGE_VERSION "0.0.0"
| #define PACKAGE_STRING "OpenTURNS module UniformSphericalRandomVector 0.0.0"
| #define PACKAGE_BUGREPORT "bugs@openturns.org"
| #define PACKAGE_URL ""
| #define PACKAGE "UniformSphericalRandomVector"
| #define VERSION "0.0.0"
| #define INSTALL_PATH "/home/macocco/essai_openturns/mon_module/trunk/build/install"
| /* end confdefs.h.  */
| #include <ac_nonexistent.h>
configure:7079: checking for ANSI C header files
configure:7099: gcc -c -g -O2  conftest.c >&5
configure:7099: $? = 0
configure:7172: gcc -o conftest -g -O2   conftest.c  >&5
configure:7172: $? = 0
configure:7172: ./conftest
configure:7172: $? = 0
configure:7183: result: yes
configure:7196: checking for sys/types.h
configure:7196: gcc -c -g -O2  conftest.c >&5
configure:7196: $? = 0
configure:7196: result: yes
configure:7196: checking for sys/stat.h
configure:7196: gcc -c -g -O2  conftest.c >&5
configure:7196: $? = 0
configure:7196: result: yes
configure:7196: checking for stdlib.h
configure:7196: gcc -c -g -O2  conftest.c >&5
configure:7196: $? = 0
configure:7196: result: yes
configure:7196: checking for string.h
configure:7196: gcc -c -g -O2  conftest.c >&5
configure:7196: $? = 0
configure:7196: result: yes
configure:7196: checking for memory.h
configure:7196: gcc -c -g -O2  conftest.c >&5
configure:7196: $? = 0
configure:7196: result: yes
configure:7196: checking for strings.h
configure:7196: gcc -c -g -O2  conftest.c >&5
configure:7196: $? = 0
configure:7196: result: yes
configure:7196: checking for inttypes.h
configure:7196: gcc -c -g -O2  conftest.c >&5
configure:7196: $? = 0
configure:7196: result: yes
configure:7196: checking for stdint.h
configure:7196: gcc -c -g -O2  conftest.c >&5
configure:7196: $? = 0
configure:7196: result: yes
configure:7196: checking for unistd.h
configure:7196: gcc -c -g -O2  conftest.c >&5
configure:7196: $? = 0
configure:7196: result: yes
configure:7211: checking for dlfcn.h
configure:7211: gcc -c -g -O2  conftest.c >&5
configure:7211: $? = 0
configure:7211: result: yes
configure:7393: checking for objdir
configure:7408: result: .libs
configure:7704: checking if gcc supports -fno-rtti -fno-exceptions
configure:7722: gcc -c -g -O2  -fno-rtti -fno-exceptions conftest.c >&5
cc1: warning: command line option "-fno-rtti" is valid for C++/ObjC++ but not for C
configure:7726: $? = 0
configure:7739: result: no
configure:7759: checking for gcc option to produce PIC
configure:8031: result: -fPIC -DPIC
configure:8043: checking if gcc PIC flag -fPIC -DPIC works
configure:8061: gcc -c -g -O2  -fPIC -DPIC -DPIC conftest.c >&5
configure:8065: $? = 0
configure:8078: result: yes
configure:8102: checking if gcc static flag -static works
configure:8130: result: yes
configure:8145: checking if gcc supports -c -o file.o
configure:8166: gcc -c -g -O2  -o out/conftest2.o conftest.c >&5
configure:8170: $? = 0
configure:8192: result: yes
configure:8200: checking if gcc supports -c -o file.o
configure:8247: result: yes
configure:8280: checking whether the gcc linker (/usr/bin/ld -m elf_x86_64) supports shared libraries
configure:9271: result: yes
configure:9308: checking whether -lc should be explicitly linked in
configure:9313: gcc -c -g -O2  conftest.c >&5
configure:9316: $? = 0
configure:9331: gcc -shared conftest.o  -v -Wl,-soname -Wl,conftest -o conftest 2\>\&1 \| /bin/grep  -lc  \>/dev/null 2\>\&1
configure:9334: $? = 0
configure:9346: result: no
configure:9510: checking dynamic linker characteristics
configure:9943: gcc -o conftest -g -O2   -Wl,-rpath -Wl,/foo conftest.c  >&5
configure:9943: $? = 0
configure:10173: result: GNU/Linux ld.so
configure:10275: checking how to hardcode library paths into programs
configure:10300: result: immediate
configure:10394: checking for shl_load
configure:10394: gcc -o conftest -g -O2   conftest.c  >&5
/tmp/ccI6NHRF.o: In function `main':
/home/macocco/essai_openturns/mon_module/trunk/build/conftest.c:58: undefined reference to `shl_load'
collect2: ld returned 1 exit status
configure:10394: $? = 1
configure: failed program was:
| /* confdefs.h */
| #define PACKAGE_NAME "OpenTURNS module UniformSphericalRandomVector"
| #define PACKAGE_TARNAME "UniformSphericalRandomVector"
| #define PACKAGE_VERSION "0.0.0"
| #define PACKAGE_STRING "OpenTURNS module UniformSphericalRandomVector 0.0.0"
| #define PACKAGE_BUGREPORT "bugs@openturns.org"
| #define PACKAGE_URL ""
| #define PACKAGE "UniformSphericalRandomVector"
| #define VERSION "0.0.0"
| #define INSTALL_PATH "/home/macocco/essai_openturns/mon_module/trunk/build/install"
| #define STDC_HEADERS 1
| #define HAVE_SYS_TYPES_H 1
| #define HAVE_SYS_STAT_H 1
| #define HAVE_STDLIB_H 1
| #define HAVE_STRING_H 1
| #define HAVE_MEMORY_H 1
| #define HAVE_STRINGS_H 1
| #define HAVE_INTTYPES_H 1
| #define HAVE_STDINT_H 1
| #define HAVE_UNISTD_H 1
| #define HAVE_DLFCN_H 1
| #define LT_OBJDIR ".libs/"
| /* end confdefs.h.  */
| /* Define shl_load to an innocuous variant, in case <limits.h> declares shl_load.
|    For example, HP-UX 11i <limits.h> declares gettimeofday.  */
| #define shl_load innocuous_shl_load
| 
| /* System header to define __stub macros and hopefully few prototypes,
|     which can conflict with char shl_load (); below.
|     Prefer <limits.h> to <assert.h> if __STDC__ is defined, since
|     <limits.h> exists even on freestanding compilers.  */
| 
| #ifdef __STDC__
| # include <limits.h>
| #else
| # include <assert.h>
| #endif
| 
| #undef shl_load
| 
| /* Override any GCC internal prototype to avoid an error.
|    Use char because int might match the return type of a GCC
|    builtin and then its argument prototype would still apply.  */
| #ifdef __cplusplus
| extern "C"
| #endif
| char shl_load ();
| /* The GNU C library defines this for functions which it implements
|     to always fail with ENOSYS.  Some functions are actually named
|     something starting with __ and the normal name is an alias.  */
| #if defined __stub_shl_load || defined __stub___shl_load
| choke me
| #endif
| 
| int
| main ()
| {
| return shl_load ();
|   ;
|   return 0;
| }
configure:10394: result: no
configure:10398: checking for shl_load in -ldld
configure:10423: gcc -o conftest -g -O2   conftest.c -ldld   >&5
/usr/bin/ld: cannot find -ldld
collect2: ld returned 1 exit status
configure:10423: $? = 1
configure: failed program was:
| /* confdefs.h */
| #define PACKAGE_NAME "OpenTURNS module UniformSphericalRandomVector"
| #define PACKAGE_TARNAME "UniformSphericalRandomVector"
| #define PACKAGE_VERSION "0.0.0"
| #define PACKAGE_STRING "OpenTURNS module UniformSphericalRandomVector 0.0.0"
| #define PACKAGE_BUGREPORT "bugs@openturns.org"
| #define PACKAGE_URL ""
| #define PACKAGE "UniformSphericalRandomVector"
| #define VERSION "0.0.0"
| #define INSTALL_PATH "/home/macocco/essai_openturns/mon_module/trunk/build/install"
| #define STDC_HEADERS 1
| #define HAVE_SYS_TYPES_H 1
| #define HAVE_SYS_STAT_H 1
| #define HAVE_STDLIB_H 1
| #define HAVE_STRING_H 1
| #define HAVE_MEMORY_H 1
| #define HAVE_STRINGS_H 1
| #define HAVE_INTTYPES_H 1
| #define HAVE_STDINT_H 1
| #define HAVE_UNISTD_H 1
| #define HAVE_DLFCN_H 1
| #define LT_OBJDIR ".libs/"
| /* end confdefs.h.  */
| 
| /* Override any GCC internal prototype to avoid an error.
|    Use char because int might match the return type of a GCC
|    builtin and then its argument prototype would still apply.  */
| #ifdef __cplusplus
| extern "C"
| #endif
| char shl_load ();
| int
| main ()
| {
| return shl_load ();
|   ;
|   return 0;
| }
configure:10432: result: no
configure:10437: checking for dlopen
configure:10437: gcc -o conftest -g -O2   conftest.c  >&5
/tmp/ccTVUK7K.o: In function `main':
/home/macocco/essai_openturns/mon_module/trunk/build/conftest.c:58: undefined reference to `dlopen'
collect2: ld returned 1 exit status
configure:10437: $? = 1
configure: failed program was:
| /* confdefs.h */
| #define PACKAGE_NAME "OpenTURNS module UniformSphericalRandomVector"
| #define PACKAGE_TARNAME "UniformSphericalRandomVector"
| #define PACKAGE_VERSION "0.0.0"
| #define PACKAGE_STRING "OpenTURNS module UniformSphericalRandomVector 0.0.0"
| #define PACKAGE_BUGREPORT "bugs@openturns.org"
| #define PACKAGE_URL ""
| #define PACKAGE "UniformSphericalRandomVector"
| #define VERSION "0.0.0"
| #define INSTALL_PATH "/home/macocco/essai_openturns/mon_module/trunk/build/install"
| #define STDC_HEADERS 1
| #define HAVE_SYS_TYPES_H 1
| #define HAVE_SYS_STAT_H 1
| #define HAVE_STDLIB_H 1
| #define HAVE_STRING_H 1
| #define HAVE_MEMORY_H 1
| #define HAVE_STRINGS_H 1
| #define HAVE_INTTYPES_H 1
| #define HAVE_STDINT_H 1
| #define HAVE_UNISTD_H 1
| #define HAVE_DLFCN_H 1
| #define LT_OBJDIR ".libs/"
| /* end confdefs.h.  */
| /* Define dlopen to an innocuous variant, in case <limits.h> declares dlopen.
|    For example, HP-UX 11i <limits.h> declares gettimeofday.  */
| #define dlopen innocuous_dlopen
| 
| /* System header to define __stub macros and hopefully few prototypes,
|     which can conflict with char dlopen (); below.
|     Prefer <limits.h> to <assert.h> if __STDC__ is defined, since
|     <limits.h> exists even on freestanding compilers.  */
| 
| #ifdef __STDC__
| # include <limits.h>
| #else
| # include <assert.h>
| #endif
| 
| #undef dlopen
| 
| /* Override any GCC internal prototype to avoid an error.
|    Use char because int might match the return type of a GCC
|    builtin and then its argument prototype would still apply.  */
| #ifdef __cplusplus
| extern "C"
| #endif
| char dlopen ();
| /* The GNU C library defines this for functions which it implements
|     to always fail with ENOSYS.  Some functions are actually named
|     something starting with __ and the normal name is an alias.  */
| #if defined __stub_dlopen || defined __stub___dlopen
| choke me
| #endif
| 
| int
| main ()
| {
| return dlopen ();
|   ;
|   return 0;
| }
configure:10437: result: no
configure:10441: checking for dlopen in -ldl
configure:10466: gcc -o conftest -g -O2   conftest.c -ldl   >&5
configure:10466: $? = 0
configure:10475: result: yes
configure:10594: checking whether a program can dlopen itself
configure:10664: gcc -o conftest -g -O2  -DHAVE_DLFCN_H  -Wl,--export-dynamic conftest.c -ldl  >&5
configure:10667: $? = 0
configure:10685: result: yes
configure:10690: checking whether a statically linked program can dlopen itself
configure:10760: gcc -o conftest -g -O2  -DHAVE_DLFCN_H  -Wl,--export-dynamic -static conftest.c -ldl  >&5
/tmp/ccsNz8yU.o: In function `main':
/home/macocco/essai_openturns/mon_module/trunk/build/configure:10744: warning: Using 'dlopen' in statically linked applications requires at runtime the shared libraries from the glibc version used for linking
/usr/bin/ld: dynamic STT_GNU_IFUNC symbol `strcmp' with pointer equality in `/usr/lib/gcc/x86_64-linux-gnu/4.4.3/../../../../lib/libc.a(strcmp.o)' can not be used when making an executable; recompile with -fPIE and relink with -pie
collect2: ld returned 1 exit status
configure:10763: $? = 1
configure:10781: result: no
configure:10820: checking whether stripping libraries is possible
configure:10825: result: yes
configure:10860: checking if libtool supports shared libraries
configure:10862: result: yes
configure:10865: checking whether to build shared libraries
configure:10886: result: yes
configure:10889: checking whether to build static libraries
configure:10893: result: yes
configure:10986: checking for g++
configure:11002: found /usr/bin/g++
configure:11013: result: g++
configure:11040: checking for C++ compiler version
configure:11049: g++ --version >&5
g++ (Ubuntu 4.4.3-4ubuntu5) 4.4.3
Copyright (C) 2009 Free Software Foundation, Inc.
This is free software; see the source for copying conditions.  There is NO
warranty; not even for MERCHANTABILITY or FITNESS FOR A PARTICULAR PURPOSE.

configure:11060: $? = 0
configure:11049: g++ -v >&5
Using built-in specs.
Target: x86_64-linux-gnu
Configured with: ../src/configure -v --with-pkgversion='Ubuntu 4.4.3-4ubuntu5' --with-bugurl=file:///usr/share/doc/gcc-4.4/README.Bugs --enable-languages=c,c++,fortran,objc,obj-c++ --prefix=/usr --enable-shared --enable-multiarch --enable-linker-build-id --with-system-zlib --libexecdir=/usr/lib --without-included-gettext --enable-threads=posix --with-gxx-include-dir=/usr/include/c++/4.4 --program-suffix=-4.4 --enable-nls --enable-clocale=gnu --enable-libstdcxx-debug --enable-plugin --enable-objc-gc --disable-werror --with-arch-32=i486 --with-tune=generic --enable-checking=release --build=x86_64-linux-gnu --host=x86_64-linux-gnu --target=x86_64-linux-gnu
Thread model: posix
gcc version 4.4.3 (Ubuntu 4.4.3-4ubuntu5) 
configure:11060: $? = 0
configure:11049: g++ -V >&5
g++: '-V' option must have argument
configure:11060: $? = 1
configure:11049: g++ -qversion >&5
g++: unrecognized option '-qversion'
g++: no input files
configure:11060: $? = 1
configure:11064: checking whether we are using the GNU C++ compiler
configure:11083: g++ -c   conftest.cpp >&5
configure:11083: $? = 0
configure:11092: result: yes
configure:11101: checking whether g++ accepts -g
configure:11121: g++ -c -g  conftest.cpp >&5
configure:11121: $? = 0
configure:11162: result: yes
configure:11187: checking dependency style of g++
configure:11297: result: gcc3
configure:11425: checking for C++ compiler version
configure:11434: g++ --version >&5
g++ (Ubuntu 4.4.3-4ubuntu5) 4.4.3
Copyright (C) 2009 Free Software Foundation, Inc.
This is free software; see the source for copying conditions.  There is NO
warranty; not even for MERCHANTABILITY or FITNESS FOR A PARTICULAR PURPOSE.

configure:11445: $? = 0
configure:11434: g++ -v >&5
Using built-in specs.
Target: x86_64-linux-gnu
Configured with: ../src/configure -v --with-pkgversion='Ubuntu 4.4.3-4ubuntu5' --with-bugurl=file:///usr/share/doc/gcc-4.4/README.Bugs --enable-languages=c,c++,fortran,objc,obj-c++ --prefix=/usr --enable-shared --enable-multiarch --enable-linker-build-id --with-system-zlib --libexecdir=/usr/lib --without-included-gettext --enable-threads=posix --with-gxx-include-dir=/usr/include/c++/4.4 --program-suffix=-4.4 --enable-nls --enable-clocale=gnu --enable-libstdcxx-debug --enable-plugin --enable-objc-gc --disable-werror --with-arch-32=i486 --with-tune=generic --enable-checking=release --build=x86_64-linux-gnu --host=x86_64-linux-gnu --target=x86_64-linux-gnu
Thread model: posix
gcc version 4.4.3 (Ubuntu 4.4.3-4ubuntu5) 
configure:11445: $? = 0
configure:11434: g++ -V >&5
g++: '-V' option must have argument
configure:11445: $? = 1
configure:11434: g++ -qversion >&5
g++: unrecognized option '-qversion'
g++: no input files
configure:11445: $? = 1
configure:11449: checking whether we are using the GNU C++ compiler
configure:11477: result: yes
configure:11486: checking whether g++ accepts -g
configure:11547: result: yes
configure:11572: checking dependency style of g++
configure:11682: result: gcc3
configure:11705: checking how to run the C++ preprocessor
configure:11732: g++ -E  conftest.cpp
configure:11732: $? = 0
configure:11746: g++ -E  conftest.cpp
conftest.cpp:24:28: error: ac_nonexistent.h: No such file or directory
configure:11746: $? = 1
configure: failed program was:
| /* confdefs.h */
| #define PACKAGE_NAME "OpenTURNS module UniformSphericalRandomVector"
| #define PACKAGE_TARNAME "UniformSphericalRandomVector"
| #define PACKAGE_VERSION "0.0.0"
| #define PACKAGE_STRING "OpenTURNS module UniformSphericalRandomVector 0.0.0"
| #define PACKAGE_BUGREPORT "bugs@openturns.org"
| #define PACKAGE_URL ""
| #define PACKAGE "UniformSphericalRandomVector"
| #define VERSION "0.0.0"
| #define INSTALL_PATH "/home/macocco/essai_openturns/mon_module/trunk/build/install"
| #define STDC_HEADERS 1
| #define HAVE_SYS_TYPES_H 1
| #define HAVE_SYS_STAT_H 1
| #define HAVE_STDLIB_H 1
| #define HAVE_STRING_H 1
| #define HAVE_MEMORY_H 1
| #define HAVE_STRINGS_H 1
| #define HAVE_INTTYPES_H 1
| #define HAVE_STDINT_H 1
| #define HAVE_UNISTD_H 1
| #define HAVE_DLFCN_H 1
| #define LT_OBJDIR ".libs/"
| /* end confdefs.h.  */
| #include <ac_nonexistent.h>
configure:11771: result: g++ -E
configure:11791: g++ -E  conftest.cpp
configure:11791: $? = 0
configure:11805: g++ -E  conftest.cpp
conftest.cpp:24:28: error: ac_nonexistent.h: No such file or directory
configure:11805: $? = 1
configure: failed program was:
| /* confdefs.h */
| #define PACKAGE_NAME "OpenTURNS module UniformSphericalRandomVector"
| #define PACKAGE_TARNAME "UniformSphericalRandomVector"
| #define PACKAGE_VERSION "0.0.0"
| #define PACKAGE_STRING "OpenTURNS module UniformSphericalRandomVector 0.0.0"
| #define PACKAGE_BUGREPORT "bugs@openturns.org"
| #define PACKAGE_URL ""
| #define PACKAGE "UniformSphericalRandomVector"
| #define VERSION "0.0.0"
| #define INSTALL_PATH "/home/macocco/essai_openturns/mon_module/trunk/build/install"
| #define STDC_HEADERS 1
| #define HAVE_SYS_TYPES_H 1
| #define HAVE_SYS_STAT_H 1
| #define HAVE_STDLIB_H 1
| #define HAVE_STRING_H 1
| #define HAVE_MEMORY_H 1
| #define HAVE_STRINGS_H 1
| #define HAVE_INTTYPES_H 1
| #define HAVE_STDINT_H 1
| #define HAVE_UNISTD_H 1
| #define HAVE_DLFCN_H 1
| #define LT_OBJDIR ".libs/"
| /* end confdefs.h.  */
| #include <ac_nonexistent.h>
configure:11973: checking for ld used by g++
configure:12040: result: /usr/bin/ld -m elf_x86_64
configure:12047: checking if the linker (/usr/bin/ld -m elf_x86_64) is GNU ld
configure:12062: result: yes
configure:12117: checking whether the g++ linker (/usr/bin/ld -m elf_x86_64) supports shared libraries
configure:13030: result: yes
configure:13058: g++ -c -g -O2  conftest.cpp >&5
configure:13061: $? = 0
configure:13243: checking for g++ option to produce PIC
configure:13560: result: -fPIC -DPIC
configure:13569: checking if g++ PIC flag -fPIC -DPIC works
configure:13587: g++ -c -g -O2  -fPIC -DPIC -DPIC conftest.cpp >&5
configure:13591: $? = 0
configure:13604: result: yes
configure:13625: checking if g++ static flag -static works
configure:13653: result: yes
configure:13665: checking if g++ supports -c -o file.o
configure:13686: g++ -c -g -O2  -o out/conftest2.o conftest.cpp >&5
configure:13690: $? = 0
configure:13712: result: yes
configure:13717: checking if g++ supports -c -o file.o
configure:13764: result: yes
configure:13794: checking whether the g++ linker (/usr/bin/ld -m elf_x86_64) supports shared libraries
configure:13823: result: yes
configure:13960: checking dynamic linker characteristics
configure:14341: g++ -o conftest -g -O2   -Wl,-rpath -Wl,/foo conftest.cpp  >&5
configure:14341: $? = 0
configure:14571: result: GNU/Linux ld.so
configure:14622: checking how to hardcode library paths into programs
configure:14647: result: immediate
configure:14691: checking how to run the C preprocessor
configure:14761: result: gcc -E
configure:14781: gcc -E  conftest.c
configure:14781: $? = 0
configure:14795: gcc -E  conftest.c
conftest.c:24:28: error: ac_nonexistent.h: No such file or directory
configure:14795: $? = 1
configure: failed program was:
| /* confdefs.h */
| #define PACKAGE_NAME "OpenTURNS module UniformSphericalRandomVector"
| #define PACKAGE_TARNAME "UniformSphericalRandomVector"
| #define PACKAGE_VERSION "0.0.0"
| #define PACKAGE_STRING "OpenTURNS module UniformSphericalRandomVector 0.0.0"
| #define PACKAGE_BUGREPORT "bugs@openturns.org"
| #define PACKAGE_URL ""
| #define PACKAGE "UniformSphericalRandomVector"
| #define VERSION "0.0.0"
| #define INSTALL_PATH "/home/macocco/essai_openturns/mon_module/trunk/build/install"
| #define STDC_HEADERS 1
| #define HAVE_SYS_TYPES_H 1
| #define HAVE_SYS_STAT_H 1
| #define HAVE_STDLIB_H 1
| #define HAVE_STRING_H 1
| #define HAVE_MEMORY_H 1
| #define HAVE_STRINGS_H 1
| #define HAVE_INTTYPES_H 1
| #define HAVE_STDINT_H 1
| #define HAVE_UNISTD_H 1
| #define HAVE_DLFCN_H 1
| #define LT_OBJDIR ".libs/"
| /* end confdefs.h.  */
| #include <ac_nonexistent.h>
configure:14827: checking for gawk
configure:14854: result: gawk
configure:14866: checking whether ln -s works
configure:14870: result: yes
configure:14877: checking whether make sets $(MAKE)
configure:14899: result: yes
configure:14913: checking for stdbool.h that conforms to C99
configure:14998: gcc -c -g -O2  conftest.c >&5
configure:14998: $? = 0
configure:15005: result: yes
configure:15007: checking for _Bool
configure:15007: gcc -c -g -O2  conftest.c >&5
configure:15007: $? = 0
configure:15007: gcc -c -g -O2  conftest.c >&5
conftest.c: In function 'main':
conftest.c:60: error: expected expression before ')' token
configure:15007: $? = 1
configure: failed program was:
| /* confdefs.h */
| #define PACKAGE_NAME "OpenTURNS module UniformSphericalRandomVector"
| #define PACKAGE_TARNAME "UniformSphericalRandomVector"
| #define PACKAGE_VERSION "0.0.0"
| #define PACKAGE_STRING "OpenTURNS module UniformSphericalRandomVector 0.0.0"
| #define PACKAGE_BUGREPORT "bugs@openturns.org"
| #define PACKAGE_URL ""
| #define PACKAGE "UniformSphericalRandomVector"
| #define VERSION "0.0.0"
| #define INSTALL_PATH "/home/macocco/essai_openturns/mon_module/trunk/build/install"
| #define STDC_HEADERS 1
| #define HAVE_SYS_TYPES_H 1
| #define HAVE_SYS_STAT_H 1
| #define HAVE_STDLIB_H 1
| #define HAVE_STRING_H 1
| #define HAVE_MEMORY_H 1
| #define HAVE_STRINGS_H 1
| #define HAVE_INTTYPES_H 1
| #define HAVE_STDINT_H 1
| #define HAVE_UNISTD_H 1
| #define HAVE_DLFCN_H 1
| #define LT_OBJDIR ".libs/"
| /* end confdefs.h.  */
| #include <stdio.h>
| #ifdef HAVE_SYS_TYPES_H
| # include <sys/types.h>
| #endif
| #ifdef HAVE_SYS_STAT_H
| # include <sys/stat.h>
| #endif
| #ifdef STDC_HEADERS
| # include <stdlib.h>
| # include <stddef.h>
| #else
| # ifdef HAVE_STDLIB_H
| #  include <stdlib.h>
| # endif
| #endif
| #ifdef HAVE_STRING_H
| # if !defined STDC_HEADERS && defined HAVE_MEMORY_H
| #  include <memory.h>
| # endif
| # include <string.h>
| #endif
| #ifdef HAVE_STRINGS_H
| # include <strings.h>
| #endif
| #ifdef HAVE_INTTYPES_H
| # include <inttypes.h>
| #endif
| #ifdef HAVE_STDINT_H
| # include <stdint.h>
| #endif
| #ifdef HAVE_UNISTD_H
| # include <unistd.h>
| #endif
| int
| main ()
| {
| if (sizeof ((_Bool)))
| 	    return 0;
|   ;
|   return 0;
| }
configure:15007: result: yes
configure:15024: checking for size_t
configure:15024: gcc -c -g -O2  conftest.c >&5
configure:15024: $? = 0
configure:15024: gcc -c -g -O2  conftest.c >&5
conftest.c: In function 'main':
conftest.c:62: error: expected expression before ')' token
configure:15024: $? = 1
configure: failed program was:
| /* confdefs.h */
| #define PACKAGE_NAME "OpenTURNS module UniformSphericalRandomVector"
| #define PACKAGE_TARNAME "UniformSphericalRandomVector"
| #define PACKAGE_VERSION "0.0.0"
| #define PACKAGE_STRING "OpenTURNS module UniformSphericalRandomVector 0.0.0"
| #define PACKAGE_BUGREPORT "bugs@openturns.org"
| #define PACKAGE_URL ""
| #define PACKAGE "UniformSphericalRandomVector"
| #define VERSION "0.0.0"
| #define INSTALL_PATH "/home/macocco/essai_openturns/mon_module/trunk/build/install"
| #define STDC_HEADERS 1
| #define HAVE_SYS_TYPES_H 1
| #define HAVE_SYS_STAT_H 1
| #define HAVE_STDLIB_H 1
| #define HAVE_STRING_H 1
| #define HAVE_MEMORY_H 1
| #define HAVE_STRINGS_H 1
| #define HAVE_INTTYPES_H 1
| #define HAVE_STDINT_H 1
| #define HAVE_UNISTD_H 1
| #define HAVE_DLFCN_H 1
| #define LT_OBJDIR ".libs/"
| #define HAVE__BOOL 1
| #define HAVE_STDBOOL_H 1
| /* end confdefs.h.  */
| #include <stdio.h>
| #ifdef HAVE_SYS_TYPES_H
| # include <sys/types.h>
| #endif
| #ifdef HAVE_SYS_STAT_H
| # include <sys/stat.h>
| #endif
| #ifdef STDC_HEADERS
| # include <stdlib.h>
| # include <stddef.h>
| #else
| # ifdef HAVE_STDLIB_H
| #  include <stdlib.h>
| # endif
| #endif
| #ifdef HAVE_STRING_H
| # if !defined STDC_HEADERS && defined HAVE_MEMORY_H
| #  include <memory.h>
| # endif
| # include <string.h>
| #endif
| #ifdef HAVE_STRINGS_H
| # include <strings.h>
| #endif
| #ifdef HAVE_INTTYPES_H
| # include <inttypes.h>
| #endif
| #ifdef HAVE_STDINT_H
| # include <stdint.h>
| #endif
| #ifdef HAVE_UNISTD_H
| # include <unistd.h>
| #endif
| int
| main ()
| {
| if (sizeof ((size_t)))
| 	    return 0;
|   ;
|   return 0;
| }
configure:15024: result: yes
configure:15036: checking for inline
configure:15052: gcc -c -g -O2  conftest.c >&5
configure:15052: $? = 0
configure:15060: result: inline
configure:15105: checking for Open TURNS config script
configure:15110: result: 
configure:15112: checking for Open TURNS module script
configure:15117: result: 
configure:15119: checking for Open TURNS install path
configure:15124: result: 
configure:15126: checking for Open TURNS include flags
configure:15131: result: 
configure:15133: checking for Open TURNS library flags
configure:15138: result: 
configure:15140: checking for Open TURNS libraries
configure:15145: result: 
configure:15147: checking for Open TURNS wrapper include flags
configure:15152: result: 
configure:15154: checking for Open TURNS wrapper library flags
configure:15159: result: 
configure:15161: checking for Open TURNS wrapper library
configure:15166: result: 
configure:15168: checking for Open TURNS wrapper DTD path
configure:15173: result: 
configure:15187: checking for openturns-config
configure:15205: found /home/macocco/essai_openturns/openturns-0.13.2/build/install/bin/openturns-config
configure:15217: result: /home/macocco/essai_openturns/openturns-0.13.2/build/install/bin/openturns-config
configure:15233: checking for openturns-module
configure:15251: found /home/macocco/essai_openturns/openturns-0.13.2/build/install/bin/openturns-module
configure:15263: result: /home/macocco/essai_openturns/openturns-0.13.2/build/install/bin/openturns-module
configure:15413: checking for Open TURNS config script
configure:15420: result: /home/macocco/essai_openturns/openturns-0.13.2/build/install/bin/openturns-config
configure:15422: checking for Open TURNS module script
configure:15429: result: /home/macocco/essai_openturns/openturns-0.13.2/build/install/bin/openturns-module
configure:15431: checking for Open TURNS install path
configure:15438: result: /home/macocco/essai_openturns/openturns-0.13.2/build/install
configure:15440: checking for Open TURNS include flags
configure:15447: result: -I/usr/include/libxml2 -I/usr/include -I/home/macocco/essai_openturns/openturns-0.13.2/build/install/include/openturns
configure:15449: checking for Open TURNS library flags
configure:15456: result: -L/usr/lib -L/usr/lib -L/home/macocco/essai_openturns/openturns-0.13.2/build/install/lib/openturns
configure:15458: checking for Open TURNS libraries
configure:15465: result: -lxml2 -lc -lOT
configure:15468: checking for Open TURNS wrapper include flags
configure:15475: result: -I/usr/include/libxml2 -I/usr/include -I/home/macocco/essai_openturns/openturns-0.13.2/build/install/include/openturns
configure:15477: checking for Open TURNS wrapper library flags
configure:15484: result: -L/usr/lib -L/usr/lib -L/home/macocco/essai_openturns/openturns-0.13.2/build/install/lib/openturns
configure:15486: checking for Open TURNS wrapper library
configure:15493: result: -lxml2 -lc -lOT
configure:15496: checking for Open TURNS wrapper DTD path
configure:15503: result: /home/macocco/essai_openturns/openturns-0.13.2/build/install/share/openturns/wrappers
configure:15536: Open TURNS support is OK
configure:15575: checking for python
configure:15593: found /usr/bin/python
configure:15605: result: /usr/bin/python
configure:15626: checking for python version
configure:15633: result: 2.6
configure:15645: checking for python platform
configure:15652: result: linux2
configure:15659: checking for python script directory
configure:15688: result: ${prefix}/lib/python2.6/site-packages
configure:15697: checking for python extension module directory
configure:15726: result: ${exec_prefix}/lib/python2.6/site-packages
configure:15777: checking for python2.6
configure:15807: result: /usr/bin/python
configure:15823: checking for a version of Python >= '2.1.0'
configure:15849: result: yes
configure:15880: checking for the distutils Python package
configure:15884: result: yes
configure:15898: checking for Python include path
configure:15908: result: -I/usr/include/python2.6
configure:15915: checking for Python library path
configure:15937: result: -L/usr/lib/python2.6 -lpython2.6
configure:15944: checking for Python site-packages path
configure:15950: result: /usr/lib/python2.6/dist-packages
configure:15957: checking python extra libraries
configure:15964: result: -lssl -lcrypto  -lssl -lcrypto      -L/usr/lib -lz -lpthread -ldl  -lutil
configure:15971: checking python extra linking flags
configure:15978: result: -Xlinker -export-dynamic -Wl,-O1 -Wl,-Bsymbolic-functions
configure:15985: checking consistency of all components of python development environment
configure:16012: gcc -o conftest -g -O2  -I/usr/include/python2.6  conftest.c  -L/usr/lib/python2.6 -lpython2.6 >&5
configure:16012: $? = 0
configure:16020: result: yes
configure:16083: checking for swig
configure:16101: found /usr/bin/swig
configure:16113: result: /usr/bin/swig
configure:16126: checking for SWIG version
configure:16129: result: 1.3.40
configure:16171: SWIG executable is '/usr/bin/swig'
configure:16174: SWIG library directory is '/usr/share/swig1.3'
configure:16228: checking for doxygen
configure:16261: result: no
configure:16285: checking for dot
configure:16318: result: no
configure:16529: creating ./config.status

## ---------------------- ##
## Running config.status. ##
## ---------------------- ##

This file was extended by OpenTURNS module 'UniformSphericalRandomVector' config.status 0.0.0, which was
generated by GNU Autoconf 2.65.  Invocation command line was

  CONFIG_FILES    = 
  CONFIG_HEADERS  = 
  CONFIG_LINKS    = 
  CONFIG_COMMANDS = 
  $ ./config.status 

on chevrolet-l64

config.status:1108: creating Doxyfile
config.status:1108: creating Makefile
config.status:1108: creating CONF
config.status:1108: creating m4/Makefile
config.status:1108: creating config/Makefile
config.status:1108: creating src/Makefile
config.status:1108: creating python/Makefile
config.status:1108: creating test/Makefile
config.status:1108: creating test/atlocal
config.status:1264: executing test/atconfig commands
config.status:1264: executing depfiles commands
config.status:1264: executing libtool commands

## ---------------- ##
## Cache variables. ##
## ---------------- ##

ac_cv_build=x86_64-unknown-linux-gnu
ac_cv_c_compiler_gnu=yes
ac_cv_c_inline=inline
ac_cv_cxx_compiler_gnu=yes
ac_cv_env_CCC_set=
ac_cv_env_CCC_value=
ac_cv_env_CC_set=
ac_cv_env_CC_value=
ac_cv_env_CFLAGS_set=
ac_cv_env_CFLAGS_value=
ac_cv_env_CPPFLAGS_set=
ac_cv_env_CPPFLAGS_value=
ac_cv_env_CPP_set=
ac_cv_env_CPP_value=
ac_cv_env_CXXCPP_set=
ac_cv_env_CXXCPP_value=
ac_cv_env_CXXFLAGS_set=
ac_cv_env_CXXFLAGS_value=
ac_cv_env_CXX_set=
ac_cv_env_CXX_value=
ac_cv_env_DOT_set=
ac_cv_env_DOT_value=
ac_cv_env_DOXYGEN_set=
ac_cv_env_DOXYGEN_value=
ac_cv_env_LDFLAGS_set=
ac_cv_env_LDFLAGS_value=
ac_cv_env_LIBS_set=
ac_cv_env_LIBS_value=
ac_cv_env_PYTHON_VERSION_set=
ac_cv_env_PYTHON_VERSION_value=
ac_cv_env_SWIGFLAGS_set=
ac_cv_env_SWIGFLAGS_value=
ac_cv_env_build_alias_set=
ac_cv_env_build_alias_value=
ac_cv_env_host_alias_set=
ac_cv_env_host_alias_value=
ac_cv_env_target_alias_set=
ac_cv_env_target_alias_value=
ac_cv_func_dlopen=no
ac_cv_func_shl_load=no
ac_cv_header_dlfcn_h=yes
ac_cv_header_inttypes_h=yes
ac_cv_header_memory_h=yes
ac_cv_header_stdbool_h=yes
ac_cv_header_stdc=yes
ac_cv_header_stdint_h=yes
ac_cv_header_stdlib_h=yes
ac_cv_header_string_h=yes
ac_cv_header_strings_h=yes
ac_cv_header_sys_stat_h=yes
ac_cv_header_sys_types_h=yes
ac_cv_header_unistd_h=yes
ac_cv_host=x86_64-unknown-linux-gnu
ac_cv_lib_dl_dlopen=yes
ac_cv_lib_dld_shl_load=no
ac_cv_objext=o
ac_cv_path_EGREP='/bin/grep -E'
ac_cv_path_FGREP='/bin/grep -F'
ac_cv_path_GREP=/bin/grep
ac_cv_path_OPENTURNS_CONFIG_SCRIPT=/home/macocco/essai_openturns/openturns-0.13.2/build/install/bin/openturns-config
ac_cv_path_OPENTURNS_MODULE_SCRIPT=/home/macocco/essai_openturns/openturns-0.13.2/build/install/bin/openturns-module
ac_cv_path_PYTHON=/usr/bin/python
ac_cv_path_SED=/bin/sed
ac_cv_path_SWIG=/usr/bin/swig
ac_cv_path_install='/usr/bin/install -c'
ac_cv_path_mkdir=/bin/mkdir
ac_cv_prog_AWK=gawk
ac_cv_prog_CPP='gcc -E'
ac_cv_prog_CXXCPP='g++ -E'
ac_cv_prog_ac_ct_AR=ar
ac_cv_prog_ac_ct_CC=gcc
ac_cv_prog_ac_ct_CXX=g++
ac_cv_prog_ac_ct_OBJDUMP=objdump
ac_cv_prog_ac_ct_RANLIB=ranlib
ac_cv_prog_ac_ct_STRIP=strip
ac_cv_prog_cc_c89=
ac_cv_prog_cc_g=yes
ac_cv_prog_cxx_g=yes
ac_cv_prog_make_make_set=yes
ac_cv_type__Bool=yes
ac_cv_type_size_t=yes
am_cv_CC_dependencies_compiler_type=gcc3
am_cv_CXX_dependencies_compiler_type=gcc3
am_cv_prog_tar_ustar=gnutar
am_cv_python_platform=linux2
am_cv_python_pyexecdir='${exec_prefix}/lib/python2.6/site-packages'
am_cv_python_pythondir='${prefix}/lib/python2.6/site-packages'
am_cv_python_version=2.6
lt_cv_deplibs_check_method=pass_all
lt_cv_dlopen=dlopen
lt_cv_dlopen_libs=-ldl
lt_cv_dlopen_self=yes
lt_cv_dlopen_self_static=no
lt_cv_file_magic_cmd='$MAGIC_CMD'
lt_cv_file_magic_test_file=
lt_cv_ld_reload_flag=-r
lt_cv_nm_interface='BSD nm'
lt_cv_objdir=.libs
lt_cv_path_LD=/usr/bin/ld
lt_cv_path_LDCXX='/usr/bin/ld -m elf_x86_64'
lt_cv_path_NM='/usr/bin/nm -B'
lt_cv_prog_compiler_c_o=yes
lt_cv_prog_compiler_c_o_CXX=yes
lt_cv_prog_compiler_pic_works=yes
lt_cv_prog_compiler_pic_works_CXX=yes
lt_cv_prog_compiler_rtti_exceptions=no
lt_cv_prog_compiler_static_works=yes
lt_cv_prog_compiler_static_works_CXX=yes
lt_cv_prog_gnu_ld=yes
lt_cv_prog_gnu_ldcxx=yes
lt_cv_sys_global_symbol_pipe='sed -n -e '\''s/^.*[	 ]\([ABCDGIRSTW][ABCDGIRSTW]*\)[	 ][	 ]*\([_A-Za-z][_A-Za-z0-9]*\)$/\1 \2 \2/p'\'''
lt_cv_sys_global_symbol_to_c_name_address='sed -n -e '\''s/^: \([^ ]*\) $/  {\"\1\", (void *) 0},/p'\'' -e '\''s/^[ABCDGIRSTW]* \([^ ]*\) \([^ ]*\)$/  {"\2", (void *) \&\2},/p'\'''
lt_cv_sys_global_symbol_to_c_name_address_lib_prefix='sed -n -e '\''s/^: \([^ ]*\) $/  {\"\1\", (void *) 0},/p'\'' -e '\''s/^[ABCDGIRSTW]* \([^ ]*\) \(lib[^ ]*\)$/  {"\2", (void *) \&\2},/p'\'' -e '\''s/^[ABCDGIRSTW]* \([^ ]*\) \([^ ]*\)$/  {"lib\2", (void *) \&\2},/p'\'''
lt_cv_sys_global_symbol_to_cdecl='sed -n -e '\''s/^T .* \(.*\)$/extern int \1();/p'\'' -e '\''s/^[ABCDGIRSTW]* .* \(.*\)$/extern char \1;/p'\'''
lt_cv_sys_max_cmd_len=1572864
ot_cv_openturns_config_script=/home/macocco/essai_openturns/openturns-0.13.2/build/install/bin/openturns-config
ot_cv_openturns_cppflags='-I/usr/include/libxml2 -I/usr/include -I/home/macocco/essai_openturns/openturns-0.13.2/build/install/include/openturns'
ot_cv_openturns_install_path=/home/macocco/essai_openturns/openturns-0.13.2/build/install
ot_cv_openturns_ldflags='-L/usr/lib -L/usr/lib -L/home/macocco/essai_openturns/openturns-0.13.2/build/install/lib/openturns'
ot_cv_openturns_libs='-lxml2 -lc -lOT'
ot_cv_openturns_module_script=/home/macocco/essai_openturns/openturns-0.13.2/build/install/bin/openturns-module
ot_cv_openturns_wrapper_cppflags='-I/usr/include/libxml2 -I/usr/include -I/home/macocco/essai_openturns/openturns-0.13.2/build/install/include/openturns'
ot_cv_openturns_wrapper_dtd_path=/home/macocco/essai_openturns/openturns-0.13.2/build/install/share/openturns/wrappers
ot_cv_openturns_wrapper_ldflags='-L/usr/lib -L/usr/lib -L/home/macocco/essai_openturns/openturns-0.13.2/build/install/lib/openturns'
ot_cv_openturns_wrapper_libs='-lxml2 -lc -lOT'

## ----------------- ##
## Output variables. ##
## ----------------- ##

ACLOCAL='${SHELL} /home/macocco/essai_openturns/mon_module/trunk/config/missing --run aclocal-1.11'
AMDEPBACKSLASH='\'
AMDEP_FALSE='#'
AMDEP_TRUE=''
AMTAR='${SHELL} /home/macocco/essai_openturns/mon_module/trunk/config/missing --run tar'
AR='ar'
AUTOCONF='${SHELL} /home/macocco/essai_openturns/mon_module/trunk/config/missing --run autoconf'
AUTOHEADER='${SHELL} /home/macocco/essai_openturns/mon_module/trunk/config/missing --run autoheader'
AUTOMAKE='${SHELL} /home/macocco/essai_openturns/mon_module/trunk/config/missing --run automake-1.11'
AWK='gawk'
CC='gcc'
CCDEPMODE='depmode=gcc3'
CFLAGS='-g -O2'
CPP='gcc -E'
CPPFLAGS=' '
CXX='g++'
CXXCPP='g++ -E'
CXXDEPMODE='depmode=gcc3'
CXXFLAGS='-g -O2'
CYGPATH_W='echo'
DEFS='-DPACKAGE_NAME=\"OpenTURNS\ module\ UniformSphericalRandomVector\" -DPACKAGE_TARNAME=\"UniformSphericalRandomVector\" -DPACKAGE_VERSION=\"0.0.0\" -DPACKAGE_STRING=\"OpenTURNS\ module\ UniformSphericalRandomVector\ 0.0.0\" -DPACKAGE_BUGREPORT=\"bugs@openturns.org\" -DPACKAGE_URL=\"\" -DPACKAGE=\"UniformSphericalRandomVector\" -DVERSION=\"0.0.0\" -DINSTALL_PATH=\"/home/macocco/essai_openturns/mon_module/trunk/build/install\" -DSTDC_HEADERS=1 -DHAVE_SYS_TYPES_H=1 -DHAVE_SYS_STAT_H=1 -DHAVE_STDLIB_H=1 -DHAVE_STRING_H=1 -DHAVE_MEMORY_H=1 -DHAVE_STRINGS_H=1 -DHAVE_INTTYPES_H=1 -DHAVE_STDINT_H=1 -DHAVE_UNISTD_H=1 -DHAVE_DLFCN_H=1 -DLT_OBJDIR=\".libs/\" -DHAVE__BOOL=1 -DHAVE_STDBOOL_H=1'
DEPDIR='.deps'
DOT=''
DOXYGEN=''
DSYMUTIL=''
DUMPBIN=''
ECHO_C=''
ECHO_N='-n'
ECHO_T=''
EGREP='/bin/grep -E'
EXEEXT=''
FGREP='/bin/grep -F'
GREP='/bin/grep'
INSTALL_DATA='${INSTALL} -m 644'
INSTALL_PROGRAM='${INSTALL}'
INSTALL_SCRIPT='${INSTALL}'
INSTALL_STRIP_PROGRAM='$(install_sh) -c -s'
LD='/usr/bin/ld -m elf_x86_64'
LDFLAGS=' '
LIBOBJS=''
LIBS=' '
LIBTOOL='$(SHELL) $(top_builddir)/libtool $(LIBTOOL_FLAGS)'
LIPO=''
LN_S='ln -s'
LTLIBOBJS=''
MAKEINFO='${SHELL} /home/macocco/essai_openturns/mon_module/trunk/config/missing --run makeinfo'
MKDIR_P='/bin/mkdir -p'
NM='/usr/bin/nm -B'
NMEDIT=''
OBJDUMP='objdump'
OBJEXT='o'
OPENTURNS_CONFIG_SCRIPT='/home/macocco/essai_openturns/openturns-0.13.2/build/install/bin/openturns-config'
OPENTURNS_CPPFLAGS='-I/usr/include/libxml2 -I/usr/include -I/home/macocco/essai_openturns/openturns-0.13.2/build/install/include/openturns'
OPENTURNS_INSTALL_PATH='/home/macocco/essai_openturns/openturns-0.13.2/build/install'
OPENTURNS_LDFLAGS='-L/usr/lib -L/usr/lib -L/home/macocco/essai_openturns/openturns-0.13.2/build/install/lib/openturns'
OPENTURNS_LIBS='-lxml2 -lc -lOT'
OPENTURNS_MODULE_SCRIPT='/home/macocco/essai_openturns/openturns-0.13.2/build/install/bin/openturns-module'
OPENTURNS_WRAPPER_CPPFLAGS='-I/usr/include/libxml2 -I/usr/include -I/home/macocco/essai_openturns/openturns-0.13.2/build/install/include/openturns'
OPENTURNS_WRAPPER_DTD_PATH='/home/macocco/essai_openturns/openturns-0.13.2/build/install/share/openturns/wrappers'
OPENTURNS_WRAPPER_LDFLAGS='-L/usr/lib -L/usr/lib -L/home/macocco/essai_openturns/openturns-0.13.2/build/install/lib/openturns'
OPENTURNS_WRAPPER_LIBS='-lxml2 -lc -lOT'
OTOOL64=''
OTOOL=''
OT_CFLAGS=' -g'
OT_CPPFLAGS=' -DDEBUG'
OT_CXXFLAGS=' -g'
OT_FFLAGS=' -g'
PACKAGE='UniformSphericalRandomVector'
PACKAGE_BUGREPORT='bugs@openturns.org'
PACKAGE_NAME='OpenTURNS module UniformSphericalRandomVector'
PACKAGE_STRING='OpenTURNS module UniformSphericalRandomVector 0.0.0'
PACKAGE_TARNAME='UniformSphericalRandomVector'
PACKAGE_URL=''
PACKAGE_VERSION='0.0.0'
PATH_SEPARATOR=':'
PYTHON='/usr/bin/python'
PYTHON_CPPFLAGS='-I/usr/include/python2.6'
PYTHON_EXEC_PREFIX='${exec_prefix}'
PYTHON_EXTRA_LDFLAGS='-Xlinker -export-dynamic -Wl,-O1 -Wl,-Bsymbolic-functions'
PYTHON_EXTRA_LIBS='-lssl -lcrypto  -lssl -lcrypto      -L/usr/lib -lz -lpthread -ldl  -lutil'
PYTHON_LDFLAGS='-L/usr/lib/python2.6 -lpython2.6'
PYTHON_PLATFORM='linux2'
PYTHON_PREFIX='/usr'
PYTHON_SITE_PKG='/usr/lib/python2.6/dist-packages'
PYTHON_VERSION='2.6'
RANLIB='ranlib'
SED='/bin/sed'
SET_MAKE=''
SHELL='/bin/bash'
STRIP='strip'
SWIG='/usr/bin/swig -c++'
SWIGFLAGS='-I/home/macocco/essai_openturns/openturns-0.13.2/build/install/include/openturns/swig  '
SWIG_LIB='/usr/share/swig1.3'
SWIG_PYTHON_CPPFLAGS='-I/usr/include/python2.6'
SWIG_PYTHON_OPT='-python'
VERSION='0.0.0'
WITH_DOT='0'
WITH_DOT_FALSE=''
WITH_DOT_TRUE='#'
WITH_DOXYGEN_FALSE=''
WITH_DOXYGEN_TRUE='#'
WITH_OPENTURNS_FALSE='#'
WITH_OPENTURNS_TRUE=''
WITH_PYTHON_FALSE='#'
WITH_PYTHON_TRUE=''
WITH_SWIG_FALSE='#'
WITH_SWIG_TRUE=''
ac_aux_dir='../config'
ac_ct_CC='gcc'
ac_ct_CXX='g++'
ac_ct_DUMPBIN=''
am__EXEEXT_FALSE=''
am__EXEEXT_TRUE='#'
am__fastdepCC_FALSE='#'
am__fastdepCC_TRUE=''
am__fastdepCXX_FALSE='#'
am__fastdepCXX_TRUE=''
am__include='include'
am__isrc=' -I$(srcdir)'
am__leading_dot='.'
am__quote=''
am__tar='tar --format=ustar -chf - "$$tardir"'
am__untar='tar -xf -'
bindir='${exec_prefix}/bin'
build='x86_64-unknown-linux-gnu'
build_alias=''
build_cpu='x86_64'
build_os='linux-gnu'
build_vendor='unknown'
datadir='${datarootdir}'
datarootdir='${prefix}/share'
docdir='${datarootdir}/doc/${PACKAGE_TARNAME}'
dvidir='${docdir}'
exec_prefix='${prefix}'
host='x86_64-unknown-linux-gnu'
host_alias=''
host_cpu='x86_64'
host_os='linux-gnu'
host_vendor='unknown'
htmldir='${docdir}'
includedir='${prefix}/include'
infodir='${datarootdir}/info'
install_sh='${SHELL} /home/macocco/essai_openturns/mon_module/trunk/config/install-sh'
libdir='${exec_prefix}/lib'
libexecdir='${exec_prefix}/libexec'
localedir='${datarootdir}/locale'
localstatedir='${prefix}/var'
lt_ECHO='echo'
mandir='${datarootdir}/man'
mkdir_p='/bin/mkdir -p'
oldincludedir='/usr/include'
pdfdir='${docdir}'
pkgpyexecdir='${pyexecdir}/UniformSphericalRandomVector'
pkgpythondir='${pythondir}/UniformSphericalRandomVector'
prefix='/home/macocco/essai_openturns/mon_module/trunk/build/install'
program_transform_name='s,x,x,'
psdir='${docdir}'
pyexecdir='${exec_prefix}/lib/python2.6/site-packages'
python_includedir='/usr/include/python2.6'
python_libdir='/usr/lib/python2.6/m4'
python_version='2.6'
pythondir='${prefix}/lib/python2.6/site-packages'
sbindir='${exec_prefix}/sbin'
sharedstatedir='${prefix}/com'
sysconfdir='${prefix}/etc'
target_alias=''

## ----------- ##
## confdefs.h. ##
## ----------- ##

/* confdefs.h */
#define PACKAGE_NAME "OpenTURNS module UniformSphericalRandomVector"
#define PACKAGE_TARNAME "UniformSphericalRandomVector"
#define PACKAGE_VERSION "0.0.0"
#define PACKAGE_STRING "OpenTURNS module UniformSphericalRandomVector 0.0.0"
#define PACKAGE_BUGREPORT "bugs@openturns.org"
#define PACKAGE_URL ""
#define PACKAGE "UniformSphericalRandomVector"
#define VERSION "0.0.0"
#define INSTALL_PATH "/home/macocco/essai_openturns/mon_module/trunk/build/install"
#define STDC_HEADERS 1
#define HAVE_SYS_TYPES_H 1
#define HAVE_SYS_STAT_H 1
#define HAVE_STDLIB_H 1
#define HAVE_STRING_H 1
#define HAVE_MEMORY_H 1
#define HAVE_STRINGS_H 1
#define HAVE_INTTYPES_H 1
#define HAVE_STDINT_H 1
#define HAVE_UNISTD_H 1
#define HAVE_DLFCN_H 1
#define LT_OBJDIR ".libs/"
#define HAVE__BOOL 1
#define HAVE_STDBOOL_H 1

configure: exit 0

## ---------------------- ##
## Running config.status. ##
## ---------------------- ##

This file was extended by OpenTURNS module 'UniformSphericalRandomVector' config.status 0.0.0, which was
generated by GNU Autoconf 2.65.  Invocation command line was

  CONFIG_FILES    = 
  CONFIG_HEADERS  = 
  CONFIG_LINKS    = 
  CONFIG_COMMANDS = 
  $ ./config.status python/Makefile depfiles

on chevrolet-l64

config.status:1108: creating python/Makefile
config.status:1264: executing depfiles commands
